{
"contracts/BotCore.sol":{"l":{"12":0,"16":0,"17":0,"21":0,"22":0,"52":0,"53":0,"57":0,"58":0,"62":0,"63":0,"67":0,"72":0,"76":0,"78":0,"82":0,"84":0,"88":0,"90":0,"94":0,"95":0,"99":0,"100":0,"104":0,"108":0,"166":0,"167":0,"169":0,"170":0,"172":0,"173":0,"174":0,"175":0,"177":0,"190":0,"191":0,"192":0,"194":0,"195":0,"196":0,"199":0,"209":0,"211":0,"213":0,"222":0,"224":0,"228":0,"229":0,"230":0,"231":0,"232":0,"236":0,"237":0,"251":0,"255":0,"259":0,"260":0,"274":0,"281":0,"283":0,"290":0,"296":0,"298":0,"299":0,"301":0,"302":0,"303":0,"306":0,"307":0,"308":0,"309":0,"312":0,"314":0,"316":0,"324":0,"330":0,"332":0,"333":0,"334":0,"336":0,"338":0,"347":0,"357":0,"361":0,"365":0,"369":0,"379":0,"380":0,"381":0,"382":0,"383":0,"384":0,"385":0,"395":0,"396":0,"397":0,"398":0,"409":0,"410":0,"411":0,"412":0,"413":0,"414":0,"418":0,"426":0,"427":0,"431":0,"433":0,"434":0,"436":0,"437":0,"438":0,"439":0,"440":0,"441":0,"442":0,"443":0,"447":0,"460":0,"461":0,"462":0,"466":0,"473":0,"474":0,"475":0,"479":0,"480":0,"481":0,"489":0,"490":0,"494":0,"498":0,"506":0,"507":0,"515":0,"528":0,"529":0,"531":0,"532":0,"534":0,"535":0,"537":0,"538":0,"540":0,"541":0,"543":0,"544":0,"546":0,"554":0,"555":0,"556":0,"564":0,"565":0,"566":0,"567":0,"568":0,"573":0,"574":0,"575":0,"576":0,"577":0,"578":0,"579":0,"580":0,"581":0,"589":0,"590":0,"591":0,"592":0,"593":0,"594":0,"595":0,"596":0,"602":0,"610":0,"611":0,"612":0,"613":0,"614":0,"615":0,"616":0,"617":0,"619":0,"620":0,"621":0,"622":0,"623":0,"624":0,"625":0,"653":0,"657":0,"661":0,"665":0,"666":0,"667":0,"678":0,"679":0,"680":0,"687":0,"688":0,"689":0,"690":0,"691":0,"692":0,"693":0,"694":0,"695":0,"696":0,"698":0,"699":0,"700":0,"701":0,"705":0,"709":0,"717":0,"718":0,"719":0,"721":0,"739":0,"740":0,"742":0,"743":0,"744":0,"745":0,"750":0,"761":0,"762":0,"766":0,"767":0,"771":0,"772":0,"773":0,"777":0,"778":0,"779":0,"786":0,"787":0,"789":0,"790":0,"794":0,"795":0,"799":0,"812":0,"813":0,"814":0,"815":0,"816":0,"817":0,"824":0,"832":0,"833":0,"839":0,"840":0,"841":0,"842":0,"843":0,"851":0,"852":0,"853":0,"868":0,"869":0,"870":0,"884":0,"885":0,"886":0,"907":0,"908":0,"909":0,"910":0,"911":0,"912":0,"919":0,"926":0,"927":0,"928":0,"929":0,"952":0,"953":0,"954":0,"955":0,"956":0,"957":0,"964":0,"971":0,"972":0,"973":0,"974":0,"975":0,"976":0,"981":0,"982":0,"983":0,"985":0,"993":0,"994":0,"995":0,"999":0,"1000":0,"1001":0,"1013":0,"1014":0,"1015":0,"1016":0,"1034":0,"1035":0,"1036":0,"1037":0,"1054":0,"1055":0,"1056":0,"1057":0,"1058":0,"1059":0,"1060":0,"1064":0,"1065":0,"1079":0,"1080":0,"1081":0,"1083":0,"1085":0,"1086":0,"1090":0,"1092":0,"1093":0,"1095":0,"1103":0,"1107":0,"1108":0,"1109":0,"1110":0,"1111":0,"1113":0,"1122":0,"1123":0,"1124":0,"1125":0,"1129":0,"1130":0,"1134":0,"1156":0,"1157":0,"1158":0,"1159":0,"1160":0,"1161":0,"1162":0,"1163":0,"1164":0,"1165":0,"1166":0,"1167":0,"1171":0,"1172":0,"1173":0,"1174":0,"1175":0,"1179":0,"1180":0,"1181":0,"1182":0,"1187":0,"1188":0},"path":"/home/xanthus/Рабочий стол/hardhat-wrapper/contracts/BotCore.sol","s":{"1":0,"2":0,"3":0,"4":0,"5":0,"6":0,"7":0,"8":0,"9":0,"10":0,"11":0,"12":0,"13":0,"14":0,"15":0,"16":0,"17":0,"18":0,"19":0,"20":0,"21":0,"22":0,"23":0,"24":0,"25":0,"26":0,"27":0,"28":0,"29":0,"30":0,"31":0,"32":0,"33":0,"34":0,"35":0,"36":0,"37":0,"38":0,"39":0,"40":0,"41":0,"42":0,"43":0,"44":0,"45":0,"46":0,"47":0,"48":0,"49":0,"50":0,"51":0,"52":0,"53":0,"54":0,"55":0,"56":0,"57":0,"58":0,"59":0,"60":0,"61":0,"62":0,"63":0,"64":0,"65":0,"66":0,"67":0,"68":0,"69":0,"70":0,"71":0,"72":0,"73":0,"74":0,"75":0,"76":0,"77":0,"78":0,"79":0,"80":0,"81":0,"82":0,"83":0,"84":0,"85":0,"86":0,"87":0,"88":0,"89":0,"90":0,"91":0,"92":0,"93":0,"94":0,"95":0,"96":0,"97":0,"98":0,"99":0,"100":0,"101":0,"102":0,"103":0,"104":0,"105":0,"106":0,"107":0,"108":0,"109":0,"110":0,"111":0,"112":0,"113":0,"114":0,"115":0,"116":0,"117":0,"118":0,"119":0,"120":0,"121":0,"122":0,"123":0,"124":0,"125":0,"126":0,"127":0,"128":0,"129":0,"130":0,"131":0,"132":0,"133":0,"134":0,"135":0,"136":0,"137":0,"138":0,"139":0,"140":0,"141":0,"142":0,"143":0,"144":0,"145":0,"146":0,"147":0,"148":0,"149":0,"150":0,"151":0,"152":0,"153":0,"154":0,"155":0,"156":0,"157":0,"158":0,"159":0,"160":0,"161":0,"162":0,"163":0,"164":0,"165":0,"166":0,"167":0,"168":0,"169":0,"170":0,"171":0,"172":0,"173":0,"174":0,"175":0,"176":0,"177":0,"178":0,"179":0,"180":0,"181":0,"182":0,"183":0,"184":0,"185":0,"186":0,"187":0,"188":0,"189":0,"190":0,"191":0,"192":0,"193":0,"194":0,"195":0,"196":0,"197":0,"198":0,"199":0,"200":0,"201":0,"202":0,"203":0,"204":0,"205":0,"206":0,"207":0,"208":0,"209":0,"210":0,"211":0,"212":0,"213":0,"214":0,"215":0,"216":0,"217":0,"218":0,"219":0,"220":0,"221":0,"222":0,"223":0,"224":0,"225":0,"226":0,"227":0,"228":0,"229":0,"230":0,"231":0,"232":0,"233":0,"234":0,"235":0,"236":0,"237":0,"238":0,"239":0,"240":0,"241":0,"242":0,"243":0,"244":0,"245":0,"246":0,"247":0,"248":0,"249":0,"250":0,"251":0,"252":0,"253":0,"254":0,"255":0,"256":0,"257":0,"258":0,"259":0,"260":0,"261":0,"262":0,"263":0,"264":0,"265":0,"266":0,"267":0,"268":0,"269":0,"270":0,"271":0,"272":0,"273":0,"274":0,"275":0,"276":0,"277":0,"278":0,"279":0,"280":0,"281":0,"282":0,"283":0,"284":0,"285":0,"286":0,"287":0,"288":0,"289":0,"290":0,"291":0,"292":0,"293":0,"294":0,"295":0,"296":0,"297":0,"298":0,"299":0,"300":0,"301":0,"302":0,"303":0,"304":0,"305":0,"306":0,"307":0,"308":0,"309":0,"310":0,"311":0,"312":0,"313":0,"314":0,"315":0,"316":0,"317":0,"318":0,"319":0,"320":0,"321":0,"322":0,"323":0,"324":0,"325":0,"326":0,"327":0,"328":0,"329":0,"330":0,"331":0,"332":0,"333":0,"334":0,"335":0,"336":0},"b":{"1":[0,0],"2":[0,0],"3":[0,0],"4":[0,0],"5":[0,0],"6":[0,0],"7":[0,0],"8":[0,0],"9":[0,0],"10":[0,0],"11":[0,0],"12":[0,0],"13":[0,0],"14":[0,0],"15":[0,0],"16":[0,0],"17":[0,0],"18":[0,0],"19":[0,0],"20":[0,0],"21":[0,0],"22":[0,0],"23":[0,0],"24":[0,0],"25":[0,0],"26":[0,0],"27":[0,0],"28":[0,0],"29":[0,0],"30":[0,0],"31":[0,0],"32":[0,0],"33":[0,0],"34":[0,0],"35":[0,0],"36":[0,0],"37":[0,0],"38":[0,0],"39":[0,0],"40":[0,0],"41":[0,0],"42":[0,0],"43":[0,0],"44":[0,0],"45":[0,0],"46":[0,0],"47":[0,0],"48":[0,0],"49":[0,0],"50":[0,0],"51":[0,0],"52":[0,0],"53":[0,0],"54":[0,0],"55":[0,0],"56":[0,0],"57":[0,0],"58":[0,0],"59":[0,0],"60":[0,0],"61":[0,0],"62":[0,0],"63":[0,0],"64":[0,0],"65":[0,0],"66":[0,0],"67":[0,0],"68":[0,0],"69":[0,0],"70":[0,0],"71":[0,0],"72":[0,0],"73":[0,0],"74":[0,0],"75":[0,0],"76":[0,0],"77":[0,0],"78":[0,0],"79":[0,0],"80":[0,0],"81":[0,0],"82":[0,0],"83":[0,0],"84":[0,0],"85":[0,0],"86":[0,0],"87":[0,0],"88":[0,0],"89":[0,0],"90":[0,0],"91":[0,0],"92":[0,0],"93":[0,0],"94":[0,0],"95":[0,0],"96":[0,0],"97":[0,0],"98":[0,0],"99":[0,0],"100":[0,0],"101":[0,0],"102":[0,0],"103":[0,0],"104":[0,0],"105":[0,0],"106":[0,0],"107":[0,0],"108":[0,0],"109":[0,0],"110":[0,0],"111":[0,0],"112":[0,0],"113":[0,0],"114":[0,0],"115":[0,0],"116":[0,0],"117":[0,0],"118":[0,0],"119":[0,0],"120":[0,0]},"f":{"1":0,"2":0,"3":0,"4":0,"5":0,"6":0,"7":0,"8":0,"9":0,"10":0,"11":0,"12":0,"13":0,"14":0,"15":0,"16":0,"17":0,"18":0,"19":0,"20":0,"21":0,"22":0,"23":0,"24":0,"25":0,"26":0,"27":0,"28":0,"29":0,"30":0,"31":0,"32":0,"33":0,"34":0,"35":0,"36":0,"37":0,"38":0,"39":0,"40":0,"41":0,"42":0,"43":0,"44":0,"45":0,"46":0,"47":0,"48":0,"49":0,"50":0,"51":0,"52":0,"53":0,"54":0,"55":0,"56":0,"57":0,"58":0,"59":0,"60":0,"61":0,"62":0,"63":0,"64":0,"65":0,"66":0,"67":0,"68":0,"69":0,"70":0,"71":0,"72":0,"73":0,"74":0,"75":0,"76":0,"77":0,"78":0,"79":0,"80":0,"81":0,"82":0,"83":0,"84":0,"85":0,"86":0,"87":0,"88":0,"89":0,"90":0,"91":0,"92":0,"93":0,"94":0,"95":0,"96":0,"97":0,"98":0,"99":0},"fnMap":{"1":{"name":"constructor","line":11,"loc":{"start":{"line":11,"column":4},"end":{"line":13,"column":4}}},"2":{"name":"onlyOwner","line":15,"loc":{"start":{"line":15,"column":4},"end":{"line":18,"column":4}}},"3":{"name":"transferOwnership","line":20,"loc":{"start":{"line":20,"column":4},"end":{"line":24,"column":4}}},"4":{"name":"onlyCEO","line":51,"loc":{"start":{"line":51,"column":4},"end":{"line":54,"column":4}}},"5":{"name":"onlyCFO","line":56,"loc":{"start":{"line":56,"column":4},"end":{"line":59,"column":4}}},"6":{"name":"onlyCOO","line":61,"loc":{"start":{"line":61,"column":4},"end":{"line":64,"column":4}}},"7":{"name":"onlyCLevel","line":66,"loc":{"start":{"line":66,"column":4},"end":{"line":73,"column":4}}},"8":{"name":"setCEO","line":75,"loc":{"start":{"line":75,"column":4},"end":{"line":79,"column":4}}},"9":{"name":"setCFO","line":81,"loc":{"start":{"line":81,"column":4},"end":{"line":85,"column":4}}},"10":{"name":"setCOO","line":87,"loc":{"start":{"line":87,"column":4},"end":{"line":91,"column":4}}},"11":{"name":"whenNotPaused","line":93,"loc":{"start":{"line":93,"column":4},"end":{"line":96,"column":4}}},"12":{"name":"whenPaused","line":98,"loc":{"start":{"line":98,"column":4},"end":{"line":101,"column":4}}},"13":{"name":"pause","line":103,"loc":{"start":{"line":103,"column":4},"end":{"line":105,"column":4}}},"14":{"name":"unpause","line":107,"loc":{"start":{"line":107,"column":4},"end":{"line":109,"column":4}}},"15":{"name":"_transfer","line":165,"loc":{"start":{"line":165,"column":4},"end":{"line":178,"column":4}}},"16":{"name":"_createBot","line":180,"loc":{"start":{"line":180,"column":4},"end":{"line":225,"column":4}}},"17":{"name":"_destroyBot","line":227,"loc":{"start":{"line":227,"column":4},"end":{"line":233,"column":4}}},"18":{"name":"setSecondsPerBlock","line":235,"loc":{"start":{"line":235,"column":4},"end":{"line":238,"column":4}}},"19":{"name":"addExtension","line":250,"loc":{"start":{"line":250,"column":4},"end":{"line":252,"column":4}}},"20":{"name":"removeExtension","line":254,"loc":{"start":{"line":254,"column":4},"end":{"line":256,"column":4}}},"21":{"name":"onlyExtension","line":258,"loc":{"start":{"line":258,"column":4},"end":{"line":261,"column":4}}},"22":{"name":"extCreateBot","line":271,"loc":{"start":{"line":263,"column":4},"end":{"line":275,"column":4}}},"23":{"name":"extDestroyBot","line":279,"loc":{"start":{"line":277,"column":4},"end":{"line":284,"column":4}}},"24":{"name":"extLockBot","line":288,"loc":{"start":{"line":286,"column":4},"end":{"line":291,"column":4}}},"25":{"name":"_lockBot","line":293,"loc":{"start":{"line":293,"column":4},"end":{"line":317,"column":4}}},"26":{"name":"extUnlockBot","line":321,"loc":{"start":{"line":319,"column":4},"end":{"line":325,"column":4}}},"27":{"name":"_unlockBot","line":327,"loc":{"start":{"line":327,"column":4},"end":{"line":339,"column":4}}},"28":{"name":"extGetLock","line":344,"loc":{"start":{"line":341,"column":4},"end":{"line":348,"column":4}}},"29":{"name":"_owns","line":356,"loc":{"start":{"line":356,"column":4},"end":{"line":358,"column":4}}},"30":{"name":"_approvedFor","line":360,"loc":{"start":{"line":360,"column":4},"end":{"line":362,"column":4}}},"31":{"name":"_approve","line":364,"loc":{"start":{"line":364,"column":4},"end":{"line":366,"column":4}}},"32":{"name":"balanceOf","line":368,"loc":{"start":{"line":368,"column":4},"end":{"line":370,"column":4}}},"33":{"name":"transfer","line":377,"loc":{"start":{"line":372,"column":4},"end":{"line":386,"column":4}}},"34":{"name":"approve","line":393,"loc":{"start":{"line":388,"column":4},"end":{"line":399,"column":4}}},"35":{"name":"transferFrom","line":407,"loc":{"start":{"line":401,"column":4},"end":{"line":415,"column":4}}},"36":{"name":"totalSupply","line":417,"loc":{"start":{"line":417,"column":4},"end":{"line":419,"column":4}}},"37":{"name":"ownerOf","line":421,"loc":{"start":{"line":421,"column":4},"end":{"line":428,"column":4}}},"38":{"name":"tokensOfOwner","line":430,"loc":{"start":{"line":430,"column":4},"end":{"line":449,"column":4}}},"39":{"name":"setGeneScienceAddress","line":459,"loc":{"start":{"line":459,"column":4},"end":{"line":463,"column":4}}},"40":{"name":"_isReadyToBreed","line":465,"loc":{"start":{"line":465,"column":4},"end":{"line":470,"column":4}}},"41":{"name":"_isSiringPermitted","line":472,"loc":{"start":{"line":472,"column":4},"end":{"line":476,"column":4}}},"42":{"name":"_triggerCooldown","line":478,"loc":{"start":{"line":478,"column":4},"end":{"line":483,"column":4}}},"43":{"name":"approveSiring","line":487,"loc":{"start":{"line":485,"column":4},"end":{"line":491,"column":4}}},"44":{"name":"setAutoBirthFee","line":493,"loc":{"start":{"line":493,"column":4},"end":{"line":495,"column":4}}},"45":{"name":"_isReadyToGiveBirth","line":497,"loc":{"start":{"line":497,"column":4},"end":{"line":499,"column":4}}},"46":{"name":"isReadyToBreed","line":501,"loc":{"start":{"line":501,"column":4},"end":{"line":508,"column":4}}},"47":{"name":"isPregnant","line":510,"loc":{"start":{"line":510,"column":4},"end":{"line":516,"column":4}}},"48":{"name":"_isValidMatingPair","line":518,"loc":{"start":{"line":518,"column":4},"end":{"line":547,"column":4}}},"49":{"name":"_canBreedWithViaAuction","line":549,"loc":{"start":{"line":549,"column":4},"end":{"line":557,"column":4}}},"50":{"name":"canBreedWith","line":559,"loc":{"start":{"line":559,"column":4},"end":{"line":570,"column":4}}},"51":{"name":"_breedWith","line":572,"loc":{"start":{"line":572,"column":4},"end":{"line":582,"column":4}}},"52":{"name":"breedWithAuto","line":587,"loc":{"start":{"line":584,"column":4},"end":{"line":603,"column":4}}},"53":{"name":"giveBirth","line":607,"loc":{"start":{"line":605,"column":4},"end":{"line":626,"column":4}}},"54":{"name":"_owns","line":652,"loc":{"start":{"line":652,"column":4},"end":{"line":654,"column":4}}},"55":{"name":"_escrow","line":656,"loc":{"start":{"line":656,"column":4},"end":{"line":658,"column":4}}},"56":{"name":"_transfer","line":660,"loc":{"start":{"line":660,"column":4},"end":{"line":662,"column":4}}},"57":{"name":"_addAuction","line":664,"loc":{"start":{"line":664,"column":4},"end":{"line":675,"column":4}}},"58":{"name":"_cancelAuction","line":677,"loc":{"start":{"line":677,"column":4},"end":{"line":681,"column":4}}},"59":{"name":"_bid","line":683,"loc":{"start":{"line":683,"column":4},"end":{"line":702,"column":4}}},"60":{"name":"_removeAuction","line":704,"loc":{"start":{"line":704,"column":4},"end":{"line":706,"column":4}}},"61":{"name":"_isOnAuction","line":708,"loc":{"start":{"line":708,"column":4},"end":{"line":710,"column":4}}},"62":{"name":"_currentPrice","line":712,"loc":{"start":{"line":712,"column":4},"end":{"line":727,"column":4}}},"63":{"name":"_computeCurrentPrice","line":729,"loc":{"start":{"line":729,"column":4},"end":{"line":747,"column":4}}},"64":{"name":"_computeCut","line":749,"loc":{"start":{"line":749,"column":4},"end":{"line":751,"column":4}}},"65":{"name":"whenNotPaused","line":760,"loc":{"start":{"line":760,"column":4},"end":{"line":763,"column":4}}},"66":{"name":"whenPaused","line":765,"loc":{"start":{"line":765,"column":4},"end":{"line":768,"column":4}}},"67":{"name":"pause","line":770,"loc":{"start":{"line":770,"column":4},"end":{"line":774,"column":4}}},"68":{"name":"unpause","line":776,"loc":{"start":{"line":776,"column":4},"end":{"line":780,"column":4}}},"69":{"name":"constructor","line":785,"loc":{"start":{"line":785,"column":4},"end":{"line":791,"column":4}}},"70":{"name":"withdrawBalance","line":793,"loc":{"start":{"line":793,"column":4},"end":{"line":800,"column":4}}},"71":{"name":"createAuction","line":810,"loc":{"start":{"line":802,"column":4},"end":{"line":825,"column":4}}},"72":{"name":"bid","line":830,"loc":{"start":{"line":827,"column":4},"end":{"line":834,"column":4}}},"73":{"name":"cancelAuction","line":836,"loc":{"start":{"line":836,"column":4},"end":{"line":844,"column":4}}},"74":{"name":"cancelAuctionWhenPaused","line":849,"loc":{"start":{"line":846,"column":4},"end":{"line":854,"column":4}}},"75":{"name":"getAuction","line":856,"loc":{"start":{"line":856,"column":4},"end":{"line":877,"column":4}}},"76":{"name":"getCurrentPrice","line":879,"loc":{"start":{"line":879,"column":4},"end":{"line":887,"column":4}}},"77":{"name":"constructor","line":896,"loc":{"start":{"line":895,"column":4},"end":{"line":896,"column":38}}},"78":{"name":"createAuction","line":898,"loc":{"start":{"line":898,"column":4},"end":{"line":920,"column":4}}},"79":{"name":"bid","line":922,"loc":{"start":{"line":922,"column":4},"end":{"line":930,"column":4}}},"80":{"name":"constructor","line":941,"loc":{"start":{"line":940,"column":4},"end":{"line":941,"column":38}}},"81":{"name":"createAuction","line":943,"loc":{"start":{"line":943,"column":4},"end":{"line":965,"column":4}}},"82":{"name":"bid","line":967,"loc":{"start":{"line":967,"column":4},"end":{"line":978,"column":4}}},"83":{"name":"averageGen0SalePrice","line":980,"loc":{"start":{"line":980,"column":4},"end":{"line":986,"column":4}}},"84":{"name":"setSaleAuctionAddress","line":992,"loc":{"start":{"line":992,"column":4},"end":{"line":996,"column":4}}},"85":{"name":"setSiringAuctionAddress","line":998,"loc":{"start":{"line":998,"column":4},"end":{"line":1002,"column":4}}},"86":{"name":"createSaleAuction","line":1011,"loc":{"start":{"line":1004,"column":4},"end":{"line":1023,"column":4}}},"87":{"name":"createSiringAuction","line":1032,"loc":{"start":{"line":1025,"column":4},"end":{"line":1044,"column":4}}},"88":{"name":"bidOnSiringAuction","line":1052,"loc":{"start":{"line":1046,"column":4},"end":{"line":1061,"column":4}}},"89":{"name":"withdrawAuctionBalances","line":1063,"loc":{"start":{"line":1063,"column":4},"end":{"line":1066,"column":4}}},"90":{"name":"createPromoBot","line":1078,"loc":{"start":{"line":1078,"column":4},"end":{"line":1087,"column":4}}},"91":{"name":"createGen0Auction","line":1089,"loc":{"start":{"line":1089,"column":4},"end":{"line":1104,"column":4}}},"92":{"name":"_computeNextGen0Price","line":1106,"loc":{"start":{"line":1106,"column":4},"end":{"line":1114,"column":4}}},"93":{"name":"constructor","line":1121,"loc":{"start":{"line":1121,"column":4},"end":{"line":1126,"column":4}}},"94":{"name":"setNewAddress","line":1128,"loc":{"start":{"line":1128,"column":4},"end":{"line":1131,"column":4}}},"95":{"name":"","line":1133,"loc":{"start":{"line":1133,"column":4},"end":{"line":1138,"column":4}}},"96":{"name":"getBot","line":1140,"loc":{"start":{"line":1140,"column":4},"end":{"line":1168,"column":4}}},"97":{"name":"unpause","line":1170,"loc":{"start":{"line":1170,"column":4},"end":{"line":1176,"column":4}}},"98":{"name":"withdrawBalance","line":1178,"loc":{"start":{"line":1178,"column":4},"end":{"line":1184,"column":4}}},"99":{"name":"destroyBot","line":1186,"loc":{"start":{"line":1186,"column":4},"end":{"line":1189,"column":4}}}},"statementMap":{"1":{"start":{"line":12,"column":8},"end":{"line":12,"column":25}},"2":{"start":{"line":16,"column":8},"end":{"line":16,"column":35}},"3":{"start":{"line":21,"column":8},"end":{"line":21,"column":375}},"4":{"start":{"line":22,"column":12},"end":{"line":22,"column":27}},"5":{"start":{"line":52,"column":8},"end":{"line":52,"column":40}},"6":{"start":{"line":57,"column":8},"end":{"line":57,"column":40}},"7":{"start":{"line":62,"column":8},"end":{"line":62,"column":40}},"8":{"start":{"line":67,"column":8},"end":{"line":67,"column":1725}},"9":{"start":{"line":76,"column":8},"end":{"line":76,"column":37}},"10":{"start":{"line":78,"column":8},"end":{"line":78,"column":27}},"11":{"start":{"line":82,"column":8},"end":{"line":82,"column":37}},"12":{"start":{"line":84,"column":8},"end":{"line":84,"column":27}},"13":{"start":{"line":88,"column":8},"end":{"line":88,"column":37}},"14":{"start":{"line":90,"column":8},"end":{"line":90,"column":27}},"15":{"start":{"line":94,"column":8},"end":{"line":94,"column":23}},"16":{"start":{"line":99,"column":8},"end":{"line":99,"column":22}},"17":{"start":{"line":104,"column":8},"end":{"line":104,"column":20}},"18":{"start":{"line":108,"column":8},"end":{"line":108,"column":21}},"19":{"start":{"line":166,"column":8},"end":{"line":166,"column":4001}},"20":{"start":{"line":170,"column":12},"end":{"line":170,"column":42}},"21":{"start":{"line":172,"column":8},"end":{"line":172,"column":4192}},"22":{"start":{"line":177,"column":8},"end":{"line":177,"column":37}},"23":{"start":{"line":190,"column":8},"end":{"line":190,"column":55}},"24":{"start":{"line":191,"column":8},"end":{"line":191,"column":51}},"25":{"start":{"line":192,"column":8},"end":{"line":192,"column":59}},"26":{"start":{"line":194,"column":8},"end":{"line":194,"column":54}},"27":{"start":{"line":195,"column":8},"end":{"line":195,"column":4862}},"28":{"start":{"line":196,"column":12},"end":{"line":196,"column":29}},"29":{"start":{"line":199,"column":8},"end":{"line":199,"column":4941}},"30":{"start":{"line":209,"column":8},"end":{"line":209,"column":46}},"31":{"start":{"line":211,"column":8},"end":{"line":211,"column":53}},"32":{"start":{"line":213,"column":8},"end":{"line":213,"column":5377}},"33":{"start":{"line":222,"column":8},"end":{"line":222,"column":37}},"34":{"start":{"line":224,"column":8},"end":{"line":224,"column":23}},"35":{"start":{"line":228,"column":8},"end":{"line":228,"column":26}},"36":{"start":{"line":229,"column":8},"end":{"line":229,"column":46}},"37":{"start":{"line":230,"column":8},"end":{"line":230,"column":34}},"38":{"start":{"line":232,"column":8},"end":{"line":232,"column":33}},"39":{"start":{"line":236,"column":8},"end":{"line":236,"column":35}},"40":{"start":{"line":237,"column":8},"end":{"line":237,"column":29}},"41":{"start":{"line":251,"column":8},"end":{"line":251,"column":35}},"42":{"start":{"line":259,"column":8},"end":{"line":259,"column":46}},"43":{"start":{"line":274,"column":8},"end":{"line":274,"column":74}},"44":{"start":{"line":281,"column":8},"end":{"line":281,"column":34}},"45":{"start":{"line":283,"column":8},"end":{"line":283,"column":26}},"46":{"start":{"line":290,"column":8},"end":{"line":290,"column":30}},"47":{"start":{"line":296,"column":8},"end":{"line":296,"column":25}},"48":{"start":{"line":298,"column":8},"end":{"line":298,"column":35}},"49":{"start":{"line":299,"column":8},"end":{"line":299,"column":33}},"50":{"start":{"line":301,"column":8},"end":{"line":301,"column":7436}},"51":{"start":{"line":302,"column":12},"end":{"line":302,"column":42}},"52":{"start":{"line":303,"column":12},"end":{"line":303,"column":41}},"53":{"start":{"line":306,"column":8},"end":{"line":306,"column":7576}},"54":{"start":{"line":307,"column":12},"end":{"line":307,"column":51}},"55":{"start":{"line":308,"column":12},"end":{"line":308,"column":49}},"56":{"start":{"line":309,"column":12},"end":{"line":309,"column":51}},"57":{"start":{"line":312,"column":8},"end":{"line":312,"column":20}},"58":{"start":{"line":314,"column":8},"end":{"line":314,"column":27}},"59":{"start":{"line":316,"column":8},"end":{"line":316,"column":25}},"60":{"start":{"line":324,"column":8},"end":{"line":324,"column":32}},"61":{"start":{"line":330,"column":8},"end":{"line":330,"column":25}},"62":{"start":{"line":332,"column":8},"end":{"line":332,"column":35}},"63":{"start":{"line":333,"column":8},"end":{"line":333,"column":37}},"64":{"start":{"line":334,"column":8},"end":{"line":334,"column":20}},"65":{"start":{"line":336,"column":8},"end":{"line":336,"column":27}},"66":{"start":{"line":338,"column":8},"end":{"line":338,"column":25}},"67":{"start":{"line":347,"column":8},"end":{"line":347,"column":28}},"68":{"start":{"line":357,"column":8},"end":{"line":357,"column":53}},"69":{"start":{"line":361,"column":8},"end":{"line":361,"column":56}},"70":{"start":{"line":365,"column":8},"end":{"line":365,"column":47}},"71":{"start":{"line":369,"column":8},"end":{"line":369,"column":42}},"72":{"start":{"line":379,"column":8},"end":{"line":379,"column":33}},"73":{"start":{"line":380,"column":8},"end":{"line":380,"column":36}},"74":{"start":{"line":381,"column":8},"end":{"line":381,"column":43}},"75":{"start":{"line":382,"column":8},"end":{"line":382,"column":45}},"76":{"start":{"line":383,"column":8},"end":{"line":383,"column":43}},"77":{"start":{"line":384,"column":8},"end":{"line":384,"column":52}},"78":{"start":{"line":385,"column":8},"end":{"line":385,"column":43}},"79":{"start":{"line":395,"column":8},"end":{"line":395,"column":43}},"80":{"start":{"line":396,"column":8},"end":{"line":396,"column":52}},"81":{"start":{"line":397,"column":8},"end":{"line":397,"column":30}},"82":{"start":{"line":398,"column":8},"end":{"line":398,"column":42}},"83":{"start":{"line":409,"column":8},"end":{"line":409,"column":33}},"84":{"start":{"line":410,"column":8},"end":{"line":410,"column":36}},"85":{"start":{"line":411,"column":8},"end":{"line":411,"column":50}},"86":{"start":{"line":412,"column":8},"end":{"line":412,"column":38}},"87":{"start":{"line":413,"column":8},"end":{"line":413,"column":52}},"88":{"start":{"line":414,"column":8},"end":{"line":414,"column":38}},"89":{"start":{"line":418,"column":8},"end":{"line":418,"column":42}},"90":{"start":{"line":426,"column":8},"end":{"line":426,"column":40}},"91":{"start":{"line":427,"column":8},"end":{"line":427,"column":35}},"92":{"start":{"line":431,"column":8},"end":{"line":431,"column":46}},"93":{"start":{"line":433,"column":8},"end":{"line":433,"column":10788}},"94":{"start":{"line":434,"column":12},"end":{"line":434,"column":35}},"95":{"start":{"line":436,"column":12},"end":{"line":436,"column":63}},"96":{"start":{"line":437,"column":12},"end":{"line":437,"column":47}},"97":{"start":{"line":438,"column":12},"end":{"line":438,"column":35}},"98":{"start":{"line":439,"column":12},"end":{"line":439,"column":25}},"99":{"start":{"line":440,"column":12},"end":{"line":440,"column":11059}},"100":{"start":{"line":441,"column":16},"end":{"line":441,"column":11126}},"101":{"start":{"line":442,"column":20},"end":{"line":442,"column":46}},"102":{"start":{"line":447,"column":12},"end":{"line":447,"column":25}},"103":{"start":{"line":460,"column":8},"end":{"line":460,"column":79}},"104":{"start":{"line":461,"column":8},"end":{"line":461,"column":49}},"105":{"start":{"line":462,"column":8},"end":{"line":462,"column":38}},"106":{"start":{"line":466,"column":8},"end":{"line":466,"column":11966}},"107":{"start":{"line":473,"column":8},"end":{"line":473,"column":56}},"108":{"start":{"line":474,"column":8},"end":{"line":474,"column":52}},"109":{"start":{"line":475,"column":8},"end":{"line":475,"column":89}},"110":{"start":{"line":479,"column":8},"end":{"line":479,"column":101}},"111":{"start":{"line":480,"column":8},"end":{"line":480,"column":12573}},"112":{"start":{"line":481,"column":12},"end":{"line":481,"column":34}},"113":{"start":{"line":489,"column":8},"end":{"line":489,"column":42}},"114":{"start":{"line":490,"column":8},"end":{"line":490,"column":44}},"115":{"start":{"line":494,"column":8},"end":{"line":494,"column":25}},"116":{"start":{"line":498,"column":8},"end":{"line":498,"column":96}},"117":{"start":{"line":506,"column":8},"end":{"line":506,"column":38}},"118":{"start":{"line":507,"column":8},"end":{"line":507,"column":57}},"119":{"start":{"line":515,"column":8},"end":{"line":515,"column":59}},"120":{"start":{"line":528,"column":8},"end":{"line":528,"column":13721}},"121":{"start":{"line":529,"column":12},"end":{"line":529,"column":24}},"122":{"start":{"line":531,"column":8},"end":{"line":531,"column":13793}},"123":{"start":{"line":532,"column":12},"end":{"line":532,"column":24}},"124":{"start":{"line":534,"column":8},"end":{"line":534,"column":13901}},"125":{"start":{"line":535,"column":12},"end":{"line":535,"column":24}},"126":{"start":{"line":537,"column":8},"end":{"line":537,"column":14009}},"127":{"start":{"line":538,"column":12},"end":{"line":538,"column":23}},"128":{"start":{"line":540,"column":8},"end":{"line":540,"column":14104}},"129":{"start":{"line":541,"column":12},"end":{"line":541,"column":24}},"130":{"start":{"line":543,"column":8},"end":{"line":543,"column":14226}},"131":{"start":{"line":544,"column":12},"end":{"line":544,"column":24}},"132":{"start":{"line":546,"column":8},"end":{"line":546,"column":19}},"133":{"start":{"line":554,"column":8},"end":{"line":554,"column":44}},"134":{"start":{"line":555,"column":8},"end":{"line":555,"column":40}},"135":{"start":{"line":556,"column":8},"end":{"line":556,"column":67}},"136":{"start":{"line":564,"column":8},"end":{"line":564,"column":29}},"137":{"start":{"line":565,"column":8},"end":{"line":565,"column":27}},"138":{"start":{"line":566,"column":8},"end":{"line":566,"column":44}},"139":{"start":{"line":567,"column":8},"end":{"line":567,"column":40}},"140":{"start":{"line":568,"column":8},"end":{"line":568,"column":14980}},"141":{"start":{"line":573,"column":8},"end":{"line":573,"column":40}},"142":{"start":{"line":574,"column":8},"end":{"line":574,"column":44}},"143":{"start":{"line":575,"column":8},"end":{"line":575,"column":44}},"144":{"start":{"line":576,"column":8},"end":{"line":576,"column":29}},"145":{"start":{"line":577,"column":8},"end":{"line":577,"column":31}},"146":{"start":{"line":581,"column":8},"end":{"line":581,"column":88}},"147":{"start":{"line":589,"column":8},"end":{"line":589,"column":41}},"148":{"start":{"line":590,"column":8},"end":{"line":590,"column":44}},"149":{"start":{"line":591,"column":8},"end":{"line":591,"column":54}},"150":{"start":{"line":592,"column":8},"end":{"line":592,"column":44}},"151":{"start":{"line":593,"column":8},"end":{"line":593,"column":50}},"152":{"start":{"line":594,"column":8},"end":{"line":594,"column":40}},"153":{"start":{"line":595,"column":8},"end":{"line":595,"column":46}},"154":{"start":{"line":596,"column":8},"end":{"line":596,"column":16019}},"155":{"start":{"line":602,"column":8},"end":{"line":602,"column":37}},"156":{"start":{"line":610,"column":8},"end":{"line":610,"column":44}},"157":{"start":{"line":611,"column":8},"end":{"line":611,"column":37}},"158":{"start":{"line":612,"column":8},"end":{"line":612,"column":43}},"159":{"start":{"line":613,"column":8},"end":{"line":613,"column":44}},"160":{"start":{"line":614,"column":8},"end":{"line":614,"column":39}},"161":{"start":{"line":615,"column":8},"end":{"line":615,"column":44}},"162":{"start":{"line":616,"column":8},"end":{"line":616,"column":16571}},"163":{"start":{"line":617,"column":12},"end":{"line":617,"column":38}},"164":{"start":{"line":619,"column":8},"end":{"line":619,"column":104}},"165":{"start":{"line":620,"column":8},"end":{"line":620,"column":50}},"166":{"start":{"line":621,"column":8},"end":{"line":621,"column":100}},"167":{"start":{"line":624,"column":8},"end":{"line":624,"column":36}},"168":{"start":{"line":625,"column":8},"end":{"line":625,"column":20}},"169":{"start":{"line":653,"column":8},"end":{"line":653,"column":67}},"170":{"start":{"line":657,"column":8},"end":{"line":657,"column":63}},"171":{"start":{"line":661,"column":8},"end":{"line":661,"column":56}},"172":{"start":{"line":665,"column":8},"end":{"line":665,"column":46}},"173":{"start":{"line":666,"column":8},"end":{"line":666,"column":44}},"174":{"start":{"line":667,"column":8},"end":{"line":667,"column":18353}},"175":{"start":{"line":678,"column":8},"end":{"line":678,"column":31}},"176":{"start":{"line":679,"column":8},"end":{"line":679,"column":35}},"177":{"start":{"line":680,"column":8},"end":{"line":680,"column":56}},"178":{"start":{"line":687,"column":8},"end":{"line":687,"column":60}},"179":{"start":{"line":688,"column":8},"end":{"line":688,"column":37}},"180":{"start":{"line":689,"column":8},"end":{"line":689,"column":46}},"181":{"start":{"line":690,"column":8},"end":{"line":690,"column":35}},"182":{"start":{"line":691,"column":8},"end":{"line":691,"column":39}},"183":{"start":{"line":692,"column":8},"end":{"line":692,"column":31}},"184":{"start":{"line":693,"column":8},"end":{"line":693,"column":19203}},"185":{"start":{"line":694,"column":12},"end":{"line":694,"column":54}},"186":{"start":{"line":695,"column":12},"end":{"line":695,"column":58}},"187":{"start":{"line":696,"column":12},"end":{"line":696,"column":42}},"188":{"start":{"line":698,"column":8},"end":{"line":698,"column":46}},"189":{"start":{"line":699,"column":8},"end":{"line":699,"column":37}},"190":{"start":{"line":700,"column":8},"end":{"line":700,"column":75}},"191":{"start":{"line":701,"column":8},"end":{"line":701,"column":20}},"192":{"start":{"line":709,"column":8},"end":{"line":709,"column":39}},"193":{"start":{"line":717,"column":8},"end":{"line":717,"column":33}},"194":{"start":{"line":718,"column":8},"end":{"line":718,"column":19982}},"195":{"start":{"line":719,"column":12},"end":{"line":719,"column":51}},"196":{"start":{"line":721,"column":8},"end":{"line":721,"column":20087}},"197":{"start":{"line":739,"column":8},"end":{"line":739,"column":20491}},"198":{"start":{"line":740,"column":12},"end":{"line":740,"column":31}},"199":{"start":{"line":742,"column":12},"end":{"line":742,"column":83}},"200":{"start":{"line":743,"column":12},"end":{"line":743,"column":101}},"201":{"start":{"line":744,"column":12},"end":{"line":744,"column":77}},"202":{"start":{"line":745,"column":12},"end":{"line":745,"column":40}},"203":{"start":{"line":750,"column":8},"end":{"line":750,"column":40}},"204":{"start":{"line":761,"column":8},"end":{"line":761,"column":23}},"205":{"start":{"line":766,"column":8},"end":{"line":766,"column":22}},"206":{"start":{"line":771,"column":8},"end":{"line":771,"column":20}},"207":{"start":{"line":772,"column":8},"end":{"line":772,"column":14}},"208":{"start":{"line":773,"column":8},"end":{"line":773,"column":19}},"209":{"start":{"line":777,"column":8},"end":{"line":777,"column":21}},"210":{"start":{"line":778,"column":8},"end":{"line":778,"column":16}},"211":{"start":{"line":779,"column":8},"end":{"line":779,"column":19}},"212":{"start":{"line":786,"column":8},"end":{"line":786,"column":29}},"213":{"start":{"line":787,"column":8},"end":{"line":787,"column":22}},"214":{"start":{"line":789,"column":8},"end":{"line":789,"column":54}},"215":{"start":{"line":790,"column":8},"end":{"line":790,"column":46}},"216":{"start":{"line":794,"column":8},"end":{"line":794,"column":57}},"217":{"start":{"line":795,"column":8},"end":{"line":795,"column":21959}},"218":{"start":{"line":799,"column":8},"end":{"line":799,"column":48}},"219":{"start":{"line":812,"column":8},"end":{"line":812,"column":66}},"220":{"start":{"line":813,"column":8},"end":{"line":813,"column":62}},"221":{"start":{"line":814,"column":8},"end":{"line":814,"column":55}},"222":{"start":{"line":815,"column":8},"end":{"line":815,"column":43}},"223":{"start":{"line":816,"column":8},"end":{"line":816,"column":36}},"224":{"start":{"line":817,"column":8},"end":{"line":817,"column":22612}},"225":{"start":{"line":824,"column":8},"end":{"line":824,"column":37}},"226":{"start":{"line":832,"column":8},"end":{"line":832,"column":32}},"227":{"start":{"line":833,"column":8},"end":{"line":833,"column":38}},"228":{"start":{"line":839,"column":8},"end":{"line":839,"column":60}},"229":{"start":{"line":840,"column":8},"end":{"line":840,"column":37}},"230":{"start":{"line":841,"column":8},"end":{"line":841,"column":39}},"231":{"start":{"line":842,"column":8},"end":{"line":842,"column":36}},"232":{"start":{"line":843,"column":8},"end":{"line":843,"column":39}},"233":{"start":{"line":851,"column":8},"end":{"line":851,"column":60}},"234":{"start":{"line":852,"column":8},"end":{"line":852,"column":37}},"235":{"start":{"line":853,"column":8},"end":{"line":853,"column":47}},"236":{"start":{"line":868,"column":8},"end":{"line":868,"column":60}},"237":{"start":{"line":869,"column":8},"end":{"line":869,"column":37}},"238":{"start":{"line":870,"column":8},"end":{"line":870,"column":23956}},"239":{"start":{"line":884,"column":8},"end":{"line":884,"column":60}},"240":{"start":{"line":885,"column":8},"end":{"line":885,"column":37}},"241":{"start":{"line":886,"column":8},"end":{"line":886,"column":37}},"242":{"start":{"line":907,"column":8},"end":{"line":907,"column":66}},"243":{"start":{"line":908,"column":8},"end":{"line":908,"column":62}},"244":{"start":{"line":909,"column":8},"end":{"line":909,"column":55}},"245":{"start":{"line":910,"column":8},"end":{"line":910,"column":58}},"246":{"start":{"line":911,"column":8},"end":{"line":911,"column":33}},"247":{"start":{"line":912,"column":8},"end":{"line":912,"column":25097}},"248":{"start":{"line":919,"column":8},"end":{"line":919,"column":37}},"249":{"start":{"line":926,"column":8},"end":{"line":926,"column":58}},"250":{"start":{"line":927,"column":8},"end":{"line":927,"column":58}},"251":{"start":{"line":928,"column":8},"end":{"line":928,"column":32}},"252":{"start":{"line":929,"column":8},"end":{"line":929,"column":34}},"253":{"start":{"line":952,"column":8},"end":{"line":952,"column":66}},"254":{"start":{"line":953,"column":8},"end":{"line":953,"column":62}},"255":{"start":{"line":954,"column":8},"end":{"line":954,"column":55}},"256":{"start":{"line":955,"column":8},"end":{"line":955,"column":58}},"257":{"start":{"line":956,"column":8},"end":{"line":956,"column":33}},"258":{"start":{"line":957,"column":8},"end":{"line":957,"column":26382}},"259":{"start":{"line":964,"column":8},"end":{"line":964,"column":37}},"260":{"start":{"line":971,"column":8},"end":{"line":971,"column":58}},"261":{"start":{"line":972,"column":8},"end":{"line":972,"column":49}},"262":{"start":{"line":973,"column":8},"end":{"line":973,"column":38}},"263":{"start":{"line":974,"column":8},"end":{"line":974,"column":26855}},"264":{"start":{"line":975,"column":12},"end":{"line":975,"column":56}},"265":{"start":{"line":981,"column":8},"end":{"line":981,"column":23}},"266":{"start":{"line":982,"column":8},"end":{"line":982,"column":27109}},"267":{"start":{"line":983,"column":12},"end":{"line":983,"column":39}},"268":{"start":{"line":985,"column":8},"end":{"line":985,"column":22}},"269":{"start":{"line":993,"column":8},"end":{"line":993,"column":71}},"270":{"start":{"line":994,"column":8},"end":{"line":994,"column":54}},"271":{"start":{"line":995,"column":8},"end":{"line":995,"column":38}},"272":{"start":{"line":999,"column":8},"end":{"line":999,"column":75}},"273":{"start":{"line":1000,"column":8},"end":{"line":1000,"column":56}},"274":{"start":{"line":1001,"column":8},"end":{"line":1001,"column":40}},"275":{"start":{"line":1013,"column":8},"end":{"line":1013,"column":41}},"276":{"start":{"line":1014,"column":8},"end":{"line":1014,"column":35}},"277":{"start":{"line":1015,"column":8},"end":{"line":1015,"column":36}},"278":{"start":{"line":1016,"column":8},"end":{"line":1016,"column":28101}},"279":{"start":{"line":1034,"column":8},"end":{"line":1034,"column":41}},"280":{"start":{"line":1035,"column":8},"end":{"line":1035,"column":38}},"281":{"start":{"line":1036,"column":8},"end":{"line":1036,"column":38}},"282":{"start":{"line":1037,"column":8},"end":{"line":1037,"column":28597}},"283":{"start":{"line":1054,"column":8},"end":{"line":1054,"column":44}},"284":{"start":{"line":1055,"column":8},"end":{"line":1055,"column":41}},"285":{"start":{"line":1056,"column":8},"end":{"line":1056,"column":59}},"286":{"start":{"line":1057,"column":8},"end":{"line":1057,"column":69}},"287":{"start":{"line":1058,"column":8},"end":{"line":1058,"column":56}},"288":{"start":{"line":1059,"column":8},"end":{"line":1059,"column":56}},"289":{"start":{"line":1060,"column":8},"end":{"line":1060,"column":53}},"290":{"start":{"line":1064,"column":8},"end":{"line":1064,"column":36}},"291":{"start":{"line":1065,"column":8},"end":{"line":1065,"column":38}},"292":{"start":{"line":1079,"column":8},"end":{"line":1079,"column":33}},"293":{"start":{"line":1080,"column":8},"end":{"line":1080,"column":29949}},"294":{"start":{"line":1081,"column":12},"end":{"line":1081,"column":32}},"295":{"start":{"line":1083,"column":8},"end":{"line":1083,"column":56}},"296":{"start":{"line":1086,"column":8},"end":{"line":1086,"column":44}},"297":{"start":{"line":1090,"column":8},"end":{"line":1090,"column":54}},"298":{"start":{"line":1092,"column":8},"end":{"line":1092,"column":66}},"299":{"start":{"line":1093,"column":8},"end":{"line":1093,"column":35}},"300":{"start":{"line":1095,"column":8},"end":{"line":1095,"column":30406}},"301":{"start":{"line":1107,"column":8},"end":{"line":1107,"column":61}},"302":{"start":{"line":1108,"column":8},"end":{"line":1108,"column":54}},"303":{"start":{"line":1109,"column":8},"end":{"line":1109,"column":53}},"304":{"start":{"line":1110,"column":8},"end":{"line":1110,"column":30866}},"305":{"start":{"line":1111,"column":12},"end":{"line":1111,"column":42}},"306":{"start":{"line":1113,"column":8},"end":{"line":1113,"column":24}},"307":{"start":{"line":1122,"column":8},"end":{"line":1122,"column":20}},"308":{"start":{"line":1123,"column":8},"end":{"line":1123,"column":30}},"309":{"start":{"line":1124,"column":8},"end":{"line":1124,"column":30}},"310":{"start":{"line":1125,"column":8},"end":{"line":1125,"column":51}},"311":{"start":{"line":1129,"column":8},"end":{"line":1129,"column":38}},"312":{"start":{"line":1130,"column":8},"end":{"line":1130,"column":34}},"313":{"start":{"line":1134,"column":8},"end":{"line":1134,"column":31455}},"314":{"start":{"line":1156,"column":8},"end":{"line":1156,"column":50}},"315":{"start":{"line":1157,"column":8},"end":{"line":1157,"column":35}},"316":{"start":{"line":1158,"column":8},"end":{"line":1158,"column":44}},"317":{"start":{"line":1159,"column":8},"end":{"line":1159,"column":55}},"318":{"start":{"line":1160,"column":8},"end":{"line":1160,"column":49}},"319":{"start":{"line":1161,"column":8},"end":{"line":1161,"column":51}},"320":{"start":{"line":1162,"column":8},"end":{"line":1162,"column":47}},"321":{"start":{"line":1163,"column":8},"end":{"line":1163,"column":41}},"322":{"start":{"line":1164,"column":8},"end":{"line":1164,"column":39}},"323":{"start":{"line":1165,"column":8},"end":{"line":1165,"column":35}},"324":{"start":{"line":1166,"column":8},"end":{"line":1166,"column":43}},"325":{"start":{"line":1167,"column":8},"end":{"line":1167,"column":24}},"326":{"start":{"line":1171,"column":8},"end":{"line":1171,"column":41}},"327":{"start":{"line":1172,"column":8},"end":{"line":1172,"column":43}},"328":{"start":{"line":1173,"column":8},"end":{"line":1173,"column":41}},"329":{"start":{"line":1174,"column":8},"end":{"line":1174,"column":48}},"330":{"start":{"line":1175,"column":8},"end":{"line":1175,"column":22}},"331":{"start":{"line":1179,"column":8},"end":{"line":1179,"column":38}},"332":{"start":{"line":1180,"column":8},"end":{"line":1180,"column":64}},"333":{"start":{"line":1181,"column":8},"end":{"line":1181,"column":32927}},"334":{"start":{"line":1182,"column":12},"end":{"line":1182,"column":50}},"335":{"start":{"line":1187,"column":8},"end":{"line":1187,"column":34}},"336":{"start":{"line":1188,"column":8},"end":{"line":1188,"column":26}}},"branchMap":{"1":{"line":16,"type":"if","locations":[{"start":{"line":16,"column":8},"end":{"line":16,"column":8}},{"start":{"line":16,"column":8},"end":{"line":16,"column":8}}]},"2":{"line":21,"type":"if","locations":[{"start":{"line":21,"column":8},"end":{"line":21,"column":8}},{"start":{"line":21,"column":8},"end":{"line":21,"column":8}}]},"3":{"line":52,"type":"if","locations":[{"start":{"line":52,"column":8},"end":{"line":52,"column":8}},{"start":{"line":52,"column":8},"end":{"line":52,"column":8}}]},"4":{"line":57,"type":"if","locations":[{"start":{"line":57,"column":8},"end":{"line":57,"column":8}},{"start":{"line":57,"column":8},"end":{"line":57,"column":8}}]},"5":{"line":62,"type":"if","locations":[{"start":{"line":62,"column":8},"end":{"line":62,"column":8}},{"start":{"line":62,"column":8},"end":{"line":62,"column":8}}]},"6":{"line":67,"type":"if","locations":[{"start":{"line":67,"column":8},"end":{"line":67,"column":8}},{"start":{"line":67,"column":8},"end":{"line":67,"column":8}}]},"7":{"line":76,"type":"if","locations":[{"start":{"line":76,"column":8},"end":{"line":76,"column":8}},{"start":{"line":76,"column":8},"end":{"line":76,"column":8}}]},"8":{"line":82,"type":"if","locations":[{"start":{"line":82,"column":8},"end":{"line":82,"column":8}},{"start":{"line":82,"column":8},"end":{"line":82,"column":8}}]},"9":{"line":88,"type":"if","locations":[{"start":{"line":88,"column":8},"end":{"line":88,"column":8}},{"start":{"line":88,"column":8},"end":{"line":88,"column":8}}]},"10":{"line":94,"type":"if","locations":[{"start":{"line":94,"column":8},"end":{"line":94,"column":8}},{"start":{"line":94,"column":8},"end":{"line":94,"column":8}}]},"11":{"line":99,"type":"if","locations":[{"start":{"line":99,"column":8},"end":{"line":99,"column":8}},{"start":{"line":99,"column":8},"end":{"line":99,"column":8}}]},"12":{"line":166,"type":"if","locations":[{"start":{"line":166,"column":8},"end":{"line":166,"column":8}},{"start":{"line":166,"column":8},"end":{"line":166,"column":8}}]},"13":{"line":172,"type":"if","locations":[{"start":{"line":172,"column":8},"end":{"line":172,"column":8}},{"start":{"line":172,"column":8},"end":{"line":172,"column":8}}]},"14":{"line":190,"type":"if","locations":[{"start":{"line":190,"column":8},"end":{"line":190,"column":8}},{"start":{"line":190,"column":8},"end":{"line":190,"column":8}}]},"15":{"line":191,"type":"if","locations":[{"start":{"line":191,"column":8},"end":{"line":191,"column":8}},{"start":{"line":191,"column":8},"end":{"line":191,"column":8}}]},"16":{"line":192,"type":"if","locations":[{"start":{"line":192,"column":8},"end":{"line":192,"column":8}},{"start":{"line":192,"column":8},"end":{"line":192,"column":8}}]},"17":{"line":195,"type":"if","locations":[{"start":{"line":195,"column":8},"end":{"line":195,"column":8}},{"start":{"line":195,"column":8},"end":{"line":195,"column":8}}]},"18":{"line":211,"type":"if","locations":[{"start":{"line":211,"column":8},"end":{"line":211,"column":8}},{"start":{"line":211,"column":8},"end":{"line":211,"column":8}}]},"19":{"line":228,"type":"if","locations":[{"start":{"line":228,"column":8},"end":{"line":228,"column":8}},{"start":{"line":228,"column":8},"end":{"line":228,"column":8}}]},"20":{"line":230,"type":"if","locations":[{"start":{"line":230,"column":8},"end":{"line":230,"column":8}},{"start":{"line":230,"column":8},"end":{"line":230,"column":8}}]},"21":{"line":236,"type":"if","locations":[{"start":{"line":236,"column":8},"end":{"line":236,"column":8}},{"start":{"line":236,"column":8},"end":{"line":236,"column":8}}]},"22":{"line":259,"type":"if","locations":[{"start":{"line":259,"column":8},"end":{"line":259,"column":8}},{"start":{"line":259,"column":8},"end":{"line":259,"column":8}}]},"23":{"line":281,"type":"if","locations":[{"start":{"line":281,"column":8},"end":{"line":281,"column":8}},{"start":{"line":281,"column":8},"end":{"line":281,"column":8}}]},"24":{"line":296,"type":"if","locations":[{"start":{"line":296,"column":8},"end":{"line":296,"column":8}},{"start":{"line":296,"column":8},"end":{"line":296,"column":8}}]},"25":{"line":299,"type":"if","locations":[{"start":{"line":299,"column":8},"end":{"line":299,"column":8}},{"start":{"line":299,"column":8},"end":{"line":299,"column":8}}]},"26":{"line":301,"type":"if","locations":[{"start":{"line":301,"column":8},"end":{"line":301,"column":8}},{"start":{"line":301,"column":8},"end":{"line":301,"column":8}}]},"27":{"line":303,"type":"if","locations":[{"start":{"line":303,"column":12},"end":{"line":303,"column":12}},{"start":{"line":303,"column":12},"end":{"line":303,"column":12}}]},"28":{"line":306,"type":"if","locations":[{"start":{"line":306,"column":8},"end":{"line":306,"column":8}},{"start":{"line":306,"column":8},"end":{"line":306,"column":8}}]},"29":{"line":308,"type":"if","locations":[{"start":{"line":308,"column":12},"end":{"line":308,"column":12}},{"start":{"line":308,"column":12},"end":{"line":308,"column":12}}]},"30":{"line":309,"type":"if","locations":[{"start":{"line":309,"column":12},"end":{"line":309,"column":12}},{"start":{"line":309,"column":12},"end":{"line":309,"column":12}}]},"31":{"line":330,"type":"if","locations":[{"start":{"line":330,"column":8},"end":{"line":330,"column":8}},{"start":{"line":330,"column":8},"end":{"line":330,"column":8}}]},"32":{"line":333,"type":"if","locations":[{"start":{"line":333,"column":8},"end":{"line":333,"column":8}},{"start":{"line":333,"column":8},"end":{"line":333,"column":8}}]},"33":{"line":379,"type":"if","locations":[{"start":{"line":379,"column":8},"end":{"line":379,"column":8}},{"start":{"line":379,"column":8},"end":{"line":379,"column":8}}]},"34":{"line":380,"type":"if","locations":[{"start":{"line":380,"column":8},"end":{"line":380,"column":8}},{"start":{"line":380,"column":8},"end":{"line":380,"column":8}}]},"35":{"line":381,"type":"if","locations":[{"start":{"line":381,"column":8},"end":{"line":381,"column":8}},{"start":{"line":381,"column":8},"end":{"line":381,"column":8}}]},"36":{"line":382,"type":"if","locations":[{"start":{"line":382,"column":8},"end":{"line":382,"column":8}},{"start":{"line":382,"column":8},"end":{"line":382,"column":8}}]},"37":{"line":383,"type":"if","locations":[{"start":{"line":383,"column":8},"end":{"line":383,"column":8}},{"start":{"line":383,"column":8},"end":{"line":383,"column":8}}]},"38":{"line":384,"type":"if","locations":[{"start":{"line":384,"column":8},"end":{"line":384,"column":8}},{"start":{"line":384,"column":8},"end":{"line":384,"column":8}}]},"39":{"line":395,"type":"if","locations":[{"start":{"line":395,"column":8},"end":{"line":395,"column":8}},{"start":{"line":395,"column":8},"end":{"line":395,"column":8}}]},"40":{"line":396,"type":"if","locations":[{"start":{"line":396,"column":8},"end":{"line":396,"column":8}},{"start":{"line":396,"column":8},"end":{"line":396,"column":8}}]},"41":{"line":409,"type":"if","locations":[{"start":{"line":409,"column":8},"end":{"line":409,"column":8}},{"start":{"line":409,"column":8},"end":{"line":409,"column":8}}]},"42":{"line":410,"type":"if","locations":[{"start":{"line":410,"column":8},"end":{"line":410,"column":8}},{"start":{"line":410,"column":8},"end":{"line":410,"column":8}}]},"43":{"line":411,"type":"if","locations":[{"start":{"line":411,"column":8},"end":{"line":411,"column":8}},{"start":{"line":411,"column":8},"end":{"line":411,"column":8}}]},"44":{"line":412,"type":"if","locations":[{"start":{"line":412,"column":8},"end":{"line":412,"column":8}},{"start":{"line":412,"column":8},"end":{"line":412,"column":8}}]},"45":{"line":413,"type":"if","locations":[{"start":{"line":413,"column":8},"end":{"line":413,"column":8}},{"start":{"line":413,"column":8},"end":{"line":413,"column":8}}]},"46":{"line":427,"type":"if","locations":[{"start":{"line":427,"column":8},"end":{"line":427,"column":8}},{"start":{"line":427,"column":8},"end":{"line":427,"column":8}}]},"47":{"line":433,"type":"if","locations":[{"start":{"line":433,"column":8},"end":{"line":433,"column":8}},{"start":{"line":433,"column":8},"end":{"line":433,"column":8}}]},"48":{"line":441,"type":"if","locations":[{"start":{"line":441,"column":16},"end":{"line":441,"column":16}},{"start":{"line":441,"column":16},"end":{"line":441,"column":16}}]},"49":{"line":461,"type":"if","locations":[{"start":{"line":461,"column":8},"end":{"line":461,"column":8}},{"start":{"line":461,"column":8},"end":{"line":461,"column":8}}]},"50":{"line":480,"type":"if","locations":[{"start":{"line":480,"column":8},"end":{"line":480,"column":8}},{"start":{"line":480,"column":8},"end":{"line":480,"column":8}}]},"51":{"line":489,"type":"if","locations":[{"start":{"line":489,"column":8},"end":{"line":489,"column":8}},{"start":{"line":489,"column":8},"end":{"line":489,"column":8}}]},"52":{"line":528,"type":"if","locations":[{"start":{"line":528,"column":8},"end":{"line":528,"column":8}},{"start":{"line":528,"column":8},"end":{"line":528,"column":8}}]},"53":{"line":531,"type":"if","locations":[{"start":{"line":531,"column":8},"end":{"line":531,"column":8}},{"start":{"line":531,"column":8},"end":{"line":531,"column":8}}]},"54":{"line":534,"type":"if","locations":[{"start":{"line":534,"column":8},"end":{"line":534,"column":8}},{"start":{"line":534,"column":8},"end":{"line":534,"column":8}}]},"55":{"line":537,"type":"if","locations":[{"start":{"line":537,"column":8},"end":{"line":537,"column":8}},{"start":{"line":537,"column":8},"end":{"line":537,"column":8}}]},"56":{"line":540,"type":"if","locations":[{"start":{"line":540,"column":8},"end":{"line":540,"column":8}},{"start":{"line":540,"column":8},"end":{"line":540,"column":8}}]},"57":{"line":543,"type":"if","locations":[{"start":{"line":543,"column":8},"end":{"line":543,"column":8}},{"start":{"line":543,"column":8},"end":{"line":543,"column":8}}]},"58":{"line":564,"type":"if","locations":[{"start":{"line":564,"column":8},"end":{"line":564,"column":8}},{"start":{"line":564,"column":8},"end":{"line":564,"column":8}}]},"59":{"line":565,"type":"if","locations":[{"start":{"line":565,"column":8},"end":{"line":565,"column":8}},{"start":{"line":565,"column":8},"end":{"line":565,"column":8}}]},"60":{"line":589,"type":"if","locations":[{"start":{"line":589,"column":8},"end":{"line":589,"column":8}},{"start":{"line":589,"column":8},"end":{"line":589,"column":8}}]},"61":{"line":590,"type":"if","locations":[{"start":{"line":590,"column":8},"end":{"line":590,"column":8}},{"start":{"line":590,"column":8},"end":{"line":590,"column":8}}]},"62":{"line":591,"type":"if","locations":[{"start":{"line":591,"column":8},"end":{"line":591,"column":8}},{"start":{"line":591,"column":8},"end":{"line":591,"column":8}}]},"63":{"line":593,"type":"if","locations":[{"start":{"line":593,"column":8},"end":{"line":593,"column":8}},{"start":{"line":593,"column":8},"end":{"line":593,"column":8}}]},"64":{"line":595,"type":"if","locations":[{"start":{"line":595,"column":8},"end":{"line":595,"column":8}},{"start":{"line":595,"column":8},"end":{"line":595,"column":8}}]},"65":{"line":596,"type":"if","locations":[{"start":{"line":596,"column":8},"end":{"line":596,"column":8}},{"start":{"line":596,"column":8},"end":{"line":596,"column":8}}]},"66":{"line":611,"type":"if","locations":[{"start":{"line":611,"column":8},"end":{"line":611,"column":8}},{"start":{"line":611,"column":8},"end":{"line":611,"column":8}}]},"67":{"line":612,"type":"if","locations":[{"start":{"line":612,"column":8},"end":{"line":612,"column":8}},{"start":{"line":612,"column":8},"end":{"line":612,"column":8}}]},"68":{"line":616,"type":"if","locations":[{"start":{"line":616,"column":8},"end":{"line":616,"column":8}},{"start":{"line":616,"column":8},"end":{"line":616,"column":8}}]},"69":{"line":665,"type":"if","locations":[{"start":{"line":665,"column":8},"end":{"line":665,"column":8}},{"start":{"line":665,"column":8},"end":{"line":665,"column":8}}]},"70":{"line":688,"type":"if","locations":[{"start":{"line":688,"column":8},"end":{"line":688,"column":8}},{"start":{"line":688,"column":8},"end":{"line":688,"column":8}}]},"71":{"line":690,"type":"if","locations":[{"start":{"line":690,"column":8},"end":{"line":690,"column":8}},{"start":{"line":690,"column":8},"end":{"line":690,"column":8}}]},"72":{"line":693,"type":"if","locations":[{"start":{"line":693,"column":8},"end":{"line":693,"column":8}},{"start":{"line":693,"column":8},"end":{"line":693,"column":8}}]},"73":{"line":718,"type":"if","locations":[{"start":{"line":718,"column":8},"end":{"line":718,"column":8}},{"start":{"line":718,"column":8},"end":{"line":718,"column":8}}]},"74":{"line":739,"type":"if","locations":[{"start":{"line":739,"column":8},"end":{"line":739,"column":8}},{"start":{"line":739,"column":8},"end":{"line":739,"column":8}}]},"75":{"line":761,"type":"if","locations":[{"start":{"line":761,"column":8},"end":{"line":761,"column":8}},{"start":{"line":761,"column":8},"end":{"line":761,"column":8}}]},"76":{"line":766,"type":"if","locations":[{"start":{"line":766,"column":8},"end":{"line":766,"column":8}},{"start":{"line":766,"column":8},"end":{"line":766,"column":8}}]},"77":{"line":786,"type":"if","locations":[{"start":{"line":786,"column":8},"end":{"line":786,"column":8}},{"start":{"line":786,"column":8},"end":{"line":786,"column":8}}]},"78":{"line":795,"type":"if","locations":[{"start":{"line":795,"column":8},"end":{"line":795,"column":8}},{"start":{"line":795,"column":8},"end":{"line":795,"column":8}}]},"79":{"line":812,"type":"if","locations":[{"start":{"line":812,"column":8},"end":{"line":812,"column":8}},{"start":{"line":812,"column":8},"end":{"line":812,"column":8}}]},"80":{"line":813,"type":"if","locations":[{"start":{"line":813,"column":8},"end":{"line":813,"column":8}},{"start":{"line":813,"column":8},"end":{"line":813,"column":8}}]},"81":{"line":814,"type":"if","locations":[{"start":{"line":814,"column":8},"end":{"line":814,"column":8}},{"start":{"line":814,"column":8},"end":{"line":814,"column":8}}]},"82":{"line":815,"type":"if","locations":[{"start":{"line":815,"column":8},"end":{"line":815,"column":8}},{"start":{"line":815,"column":8},"end":{"line":815,"column":8}}]},"83":{"line":840,"type":"if","locations":[{"start":{"line":840,"column":8},"end":{"line":840,"column":8}},{"start":{"line":840,"column":8},"end":{"line":840,"column":8}}]},"84":{"line":842,"type":"if","locations":[{"start":{"line":842,"column":8},"end":{"line":842,"column":8}},{"start":{"line":842,"column":8},"end":{"line":842,"column":8}}]},"85":{"line":852,"type":"if","locations":[{"start":{"line":852,"column":8},"end":{"line":852,"column":8}},{"start":{"line":852,"column":8},"end":{"line":852,"column":8}}]},"86":{"line":869,"type":"if","locations":[{"start":{"line":869,"column":8},"end":{"line":869,"column":8}},{"start":{"line":869,"column":8},"end":{"line":869,"column":8}}]},"87":{"line":885,"type":"if","locations":[{"start":{"line":885,"column":8},"end":{"line":885,"column":8}},{"start":{"line":885,"column":8},"end":{"line":885,"column":8}}]},"88":{"line":907,"type":"if","locations":[{"start":{"line":907,"column":8},"end":{"line":907,"column":8}},{"start":{"line":907,"column":8},"end":{"line":907,"column":8}}]},"89":{"line":908,"type":"if","locations":[{"start":{"line":908,"column":8},"end":{"line":908,"column":8}},{"start":{"line":908,"column":8},"end":{"line":908,"column":8}}]},"90":{"line":909,"type":"if","locations":[{"start":{"line":909,"column":8},"end":{"line":909,"column":8}},{"start":{"line":909,"column":8},"end":{"line":909,"column":8}}]},"91":{"line":910,"type":"if","locations":[{"start":{"line":910,"column":8},"end":{"line":910,"column":8}},{"start":{"line":910,"column":8},"end":{"line":910,"column":8}}]},"92":{"line":926,"type":"if","locations":[{"start":{"line":926,"column":8},"end":{"line":926,"column":8}},{"start":{"line":926,"column":8},"end":{"line":926,"column":8}}]},"93":{"line":952,"type":"if","locations":[{"start":{"line":952,"column":8},"end":{"line":952,"column":8}},{"start":{"line":952,"column":8},"end":{"line":952,"column":8}}]},"94":{"line":953,"type":"if","locations":[{"start":{"line":953,"column":8},"end":{"line":953,"column":8}},{"start":{"line":953,"column":8},"end":{"line":953,"column":8}}]},"95":{"line":954,"type":"if","locations":[{"start":{"line":954,"column":8},"end":{"line":954,"column":8}},{"start":{"line":954,"column":8},"end":{"line":954,"column":8}}]},"96":{"line":955,"type":"if","locations":[{"start":{"line":955,"column":8},"end":{"line":955,"column":8}},{"start":{"line":955,"column":8},"end":{"line":955,"column":8}}]},"97":{"line":974,"type":"if","locations":[{"start":{"line":974,"column":8},"end":{"line":974,"column":8}},{"start":{"line":974,"column":8},"end":{"line":974,"column":8}}]},"98":{"line":994,"type":"if","locations":[{"start":{"line":994,"column":8},"end":{"line":994,"column":8}},{"start":{"line":994,"column":8},"end":{"line":994,"column":8}}]},"99":{"line":1000,"type":"if","locations":[{"start":{"line":1000,"column":8},"end":{"line":1000,"column":8}},{"start":{"line":1000,"column":8},"end":{"line":1000,"column":8}}]},"100":{"line":1013,"type":"if","locations":[{"start":{"line":1013,"column":8},"end":{"line":1013,"column":8}},{"start":{"line":1013,"column":8},"end":{"line":1013,"column":8}}]},"101":{"line":1014,"type":"if","locations":[{"start":{"line":1014,"column":8},"end":{"line":1014,"column":8}},{"start":{"line":1014,"column":8},"end":{"line":1014,"column":8}}]},"102":{"line":1034,"type":"if","locations":[{"start":{"line":1034,"column":8},"end":{"line":1034,"column":8}},{"start":{"line":1034,"column":8},"end":{"line":1034,"column":8}}]},"103":{"line":1035,"type":"if","locations":[{"start":{"line":1035,"column":8},"end":{"line":1035,"column":8}},{"start":{"line":1035,"column":8},"end":{"line":1035,"column":8}}]},"104":{"line":1054,"type":"if","locations":[{"start":{"line":1054,"column":8},"end":{"line":1054,"column":8}},{"start":{"line":1054,"column":8},"end":{"line":1054,"column":8}}]},"105":{"line":1055,"type":"if","locations":[{"start":{"line":1055,"column":8},"end":{"line":1055,"column":8}},{"start":{"line":1055,"column":8},"end":{"line":1055,"column":8}}]},"106":{"line":1056,"type":"if","locations":[{"start":{"line":1056,"column":8},"end":{"line":1056,"column":8}},{"start":{"line":1056,"column":8},"end":{"line":1056,"column":8}}]},"107":{"line":1058,"type":"if","locations":[{"start":{"line":1058,"column":8},"end":{"line":1058,"column":8}},{"start":{"line":1058,"column":8},"end":{"line":1058,"column":8}}]},"108":{"line":1080,"type":"if","locations":[{"start":{"line":1080,"column":8},"end":{"line":1080,"column":8}},{"start":{"line":1080,"column":8},"end":{"line":1080,"column":8}}]},"109":{"line":1083,"type":"if","locations":[{"start":{"line":1083,"column":8},"end":{"line":1083,"column":8}},{"start":{"line":1083,"column":8},"end":{"line":1083,"column":8}}]},"110":{"line":1090,"type":"if","locations":[{"start":{"line":1090,"column":8},"end":{"line":1090,"column":8}},{"start":{"line":1090,"column":8},"end":{"line":1090,"column":8}}]},"111":{"line":1108,"type":"if","locations":[{"start":{"line":1108,"column":8},"end":{"line":1108,"column":8}},{"start":{"line":1108,"column":8},"end":{"line":1108,"column":8}}]},"112":{"line":1110,"type":"if","locations":[{"start":{"line":1110,"column":8},"end":{"line":1110,"column":8}},{"start":{"line":1110,"column":8},"end":{"line":1110,"column":8}}]},"113":{"line":1134,"type":"if","locations":[{"start":{"line":1134,"column":8},"end":{"line":1134,"column":8}},{"start":{"line":1134,"column":8},"end":{"line":1134,"column":8}}]},"114":{"line":1156,"type":"if","locations":[{"start":{"line":1156,"column":8},"end":{"line":1156,"column":8}},{"start":{"line":1156,"column":8},"end":{"line":1156,"column":8}}]},"115":{"line":1171,"type":"if","locations":[{"start":{"line":1171,"column":8},"end":{"line":1171,"column":8}},{"start":{"line":1171,"column":8},"end":{"line":1171,"column":8}}]},"116":{"line":1172,"type":"if","locations":[{"start":{"line":1172,"column":8},"end":{"line":1172,"column":8}},{"start":{"line":1172,"column":8},"end":{"line":1172,"column":8}}]},"117":{"line":1173,"type":"if","locations":[{"start":{"line":1173,"column":8},"end":{"line":1173,"column":8}},{"start":{"line":1173,"column":8},"end":{"line":1173,"column":8}}]},"118":{"line":1174,"type":"if","locations":[{"start":{"line":1174,"column":8},"end":{"line":1174,"column":8}},{"start":{"line":1174,"column":8},"end":{"line":1174,"column":8}}]},"119":{"line":1181,"type":"if","locations":[{"start":{"line":1181,"column":8},"end":{"line":1181,"column":8}},{"start":{"line":1181,"column":8},"end":{"line":1181,"column":8}}]},"120":{"line":1187,"type":"if","locations":[{"start":{"line":1187,"column":8},"end":{"line":1187,"column":8}},{"start":{"line":1187,"column":8},"end":{"line":1187,"column":8}}]}}},
"contracts/Greeter.sol":{"l":{"10":3,"11":3,"15":2,"19":1,"20":1},"path":"/home/xanthus/Рабочий стол/hardhat-wrapper/contracts/Greeter.sol","s":{"1":3,"2":3,"3":2,"4":1,"5":1},"b":{},"f":{"1":3,"2":2,"3":1},"fnMap":{"1":{"name":"constructor","line":9,"loc":{"start":{"line":9,"column":4},"end":{"line":12,"column":4}}},"2":{"name":"greet","line":14,"loc":{"start":{"line":14,"column":4},"end":{"line":16,"column":4}}},"3":{"name":"setGreeting","line":18,"loc":{"start":{"line":18,"column":4},"end":{"line":21,"column":4}}}},"statementMap":{"1":{"start":{"line":10,"column":8},"end":{"line":10,"column":67}},"2":{"start":{"line":11,"column":8},"end":{"line":11,"column":27}},"3":{"start":{"line":15,"column":8},"end":{"line":15,"column":23}},"4":{"start":{"line":19,"column":8},"end":{"line":19,"column":78}},"5":{"start":{"line":20,"column":8},"end":{"line":20,"column":27}}},"branchMap":{}},
"contracts/Wrapper.sol":{"l":{"43":12,"44":12,"45":12,"46":12,"47":12,"48":12,"52":1,"53":1,"57":1,"61":1,"62":1,"66":1,"70":1,"71":0,"75":0,"76":0,"80":1,"81":0,"82":0,"86":0,"87":0,"88":0,"93":0,"94":0,"95":0,"96":0,"97":0,"117":0},"path":"/home/xanthus/Рабочий стол/hardhat-wrapper/contracts/Wrapper.sol","s":{"1":12,"2":12,"3":12,"4":12,"5":12,"6":12,"7":1,"8":1,"9":1,"10":1,"11":1,"12":1,"13":1,"14":0,"15":0,"16":0,"17":1,"18":0,"19":0,"20":0,"21":0,"22":0,"23":0,"24":0,"25":0,"26":0,"27":0,"28":0},"b":{"1":[12,0],"2":[0,1],"3":[0,1],"4":[0,0]},"f":{"1":12,"2":1,"3":1,"4":1,"5":1,"6":1,"7":0,"8":1,"9":0,"10":0,"11":0},"fnMap":{"1":{"name":"constructor","line":42,"loc":{"start":{"line":42,"column":4},"end":{"line":49,"column":4}}},"2":{"name":"setBaseURI","line":51,"loc":{"start":{"line":51,"column":4},"end":{"line":54,"column":4}}},"3":{"name":"showBaseURI","line":56,"loc":{"start":{"line":56,"column":4},"end":{"line":58,"column":4}}},"4":{"name":"setContractURI","line":60,"loc":{"start":{"line":60,"column":4},"end":{"line":63,"column":4}}},"5":{"name":"showcontractURI","line":65,"loc":{"start":{"line":65,"column":4},"end":{"line":67,"column":4}}},"6":{"name":"tokenURI","line":69,"loc":{"start":{"line":69,"column":4},"end":{"line":72,"column":4}}},"7":{"name":"wrap","line":74,"loc":{"start":{"line":74,"column":4},"end":{"line":77,"column":4}}},"8":{"name":"unwrap","line":79,"loc":{"start":{"line":79,"column":4},"end":{"line":83,"column":4}}},"9":{"name":"wrapMany","line":85,"loc":{"start":{"line":85,"column":4},"end":{"line":90,"column":4}}},"10":{"name":"unwrapMany","line":92,"loc":{"start":{"line":92,"column":4},"end":{"line":99,"column":4}}},"11":{"name":"getBot","line":101,"loc":{"start":{"line":101,"column":4},"end":{"line":118,"column":4}}}},"statementMap":{"1":{"start":{"line":43,"column":8},"end":{"line":43,"column":60}},"2":{"start":{"line":44,"column":8},"end":{"line":44,"column":41}},"3":{"start":{"line":45,"column":8},"end":{"line":45,"column":30}},"4":{"start":{"line":46,"column":8},"end":{"line":46,"column":38}},"5":{"start":{"line":47,"column":8},"end":{"line":47,"column":38}},"6":{"start":{"line":48,"column":8},"end":{"line":48,"column":42}},"7":{"start":{"line":52,"column":8},"end":{"line":52,"column":30}},"8":{"start":{"line":53,"column":8},"end":{"line":53,"column":38}},"9":{"start":{"line":57,"column":8},"end":{"line":57,"column":28}},"10":{"start":{"line":61,"column":8},"end":{"line":61,"column":38}},"11":{"start":{"line":62,"column":8},"end":{"line":62,"column":42}},"12":{"start":{"line":66,"column":8},"end":{"line":66,"column":32}},"13":{"start":{"line":70,"column":8},"end":{"line":70,"column":83}},"14":{"start":{"line":71,"column":8},"end":{"line":71,"column":74}},"15":{"start":{"line":75,"column":8},"end":{"line":75,"column":63}},"16":{"start":{"line":76,"column":8},"end":{"line":76,"column":33}},"17":{"start":{"line":80,"column":8},"end":{"line":80,"column":89}},"18":{"start":{"line":81,"column":8},"end":{"line":81,"column":21}},"19":{"start":{"line":82,"column":8},"end":{"line":82,"column":63}},"20":{"start":{"line":86,"column":8},"end":{"line":86,"column":2742}},"21":{"start":{"line":87,"column":12},"end":{"line":87,"column":71}},"22":{"start":{"line":88,"column":12},"end":{"line":88,"column":41}},"23":{"start":{"line":93,"column":8},"end":{"line":93,"column":3006}},"24":{"start":{"line":94,"column":12},"end":{"line":94,"column":41}},"25":{"start":{"line":95,"column":12},"end":{"line":95,"column":93}},"26":{"start":{"line":96,"column":12},"end":{"line":96,"column":25}},"27":{"start":{"line":97,"column":12},"end":{"line":97,"column":67}},"28":{"start":{"line":117,"column":8},"end":{"line":117,"column":34}}},"branchMap":{"1":{"line":43,"type":"if","locations":[{"start":{"line":43,"column":8},"end":{"line":43,"column":8}},{"start":{"line":43,"column":8},"end":{"line":43,"column":8}}]},"2":{"line":70,"type":"if","locations":[{"start":{"line":70,"column":8},"end":{"line":70,"column":8}},{"start":{"line":70,"column":8},"end":{"line":70,"column":8}}]},"3":{"line":80,"type":"if","locations":[{"start":{"line":80,"column":8},"end":{"line":80,"column":8}},{"start":{"line":80,"column":8},"end":{"line":80,"column":8}}]},"4":{"line":95,"type":"if","locations":[{"start":{"line":95,"column":12},"end":{"line":95,"column":12}},{"start":{"line":95,"column":12},"end":{"line":95,"column":12}}]}}}}
