TN:
SF:/home/xanthus/Рабочий стол/hardhat-wrapper/contracts/BotCore.sol
FN:11,constructor
FN:15,onlyOwner
FN:20,transferOwnership
FN:51,onlyCEO
FN:56,onlyCFO
FN:61,onlyCOO
FN:66,onlyCLevel
FN:75,setCEO
FN:81,setCFO
FN:87,setCOO
FN:93,whenNotPaused
FN:98,whenPaused
FN:103,pause
FN:107,unpause
FN:165,_transfer
FN:180,_createBot
FN:227,_destroyBot
FN:235,setSecondsPerBlock
FN:250,addExtension
FN:254,removeExtension
FN:258,onlyExtension
FN:271,extCreateBot
FN:279,extDestroyBot
FN:288,extLockBot
FN:293,_lockBot
FN:321,extUnlockBot
FN:327,_unlockBot
FN:344,extGetLock
FN:356,_owns
FN:360,_approvedFor
FN:364,_approve
FN:368,balanceOf
FN:377,transfer
FN:393,approve
FN:407,transferFrom
FN:417,totalSupply
FN:421,ownerOf
FN:430,tokensOfOwner
FN:459,setGeneScienceAddress
FN:465,_isReadyToBreed
FN:472,_isSiringPermitted
FN:478,_triggerCooldown
FN:487,approveSiring
FN:493,setAutoBirthFee
FN:497,_isReadyToGiveBirth
FN:501,isReadyToBreed
FN:510,isPregnant
FN:518,_isValidMatingPair
FN:549,_canBreedWithViaAuction
FN:559,canBreedWith
FN:572,_breedWith
FN:587,breedWithAuto
FN:607,giveBirth
FN:652,_owns
FN:656,_escrow
FN:660,_transfer
FN:664,_addAuction
FN:677,_cancelAuction
FN:683,_bid
FN:704,_removeAuction
FN:708,_isOnAuction
FN:712,_currentPrice
FN:729,_computeCurrentPrice
FN:749,_computeCut
FN:760,whenNotPaused
FN:765,whenPaused
FN:770,pause
FN:776,unpause
FN:785,constructor
FN:793,withdrawBalance
FN:810,createAuction
FN:830,bid
FN:836,cancelAuction
FN:849,cancelAuctionWhenPaused
FN:856,getAuction
FN:879,getCurrentPrice
FN:896,constructor
FN:898,createAuction
FN:922,bid
FN:941,constructor
FN:943,createAuction
FN:967,bid
FN:980,averageGen0SalePrice
FN:992,setSaleAuctionAddress
FN:998,setSiringAuctionAddress
FN:1011,createSaleAuction
FN:1032,createSiringAuction
FN:1052,bidOnSiringAuction
FN:1063,withdrawAuctionBalances
FN:1078,createPromoBot
FN:1089,createGen0Auction
FN:1106,_computeNextGen0Price
FN:1121,constructor
FN:1128,setNewAddress
FN:1133,
FN:1140,getBot
FN:1170,unpause
FN:1178,withdrawBalance
FN:1186,destroyBot
FNF:99
FNH:0
FNDA:0,constructor
FNDA:0,onlyOwner
FNDA:0,transferOwnership
FNDA:0,onlyCEO
FNDA:0,onlyCFO
FNDA:0,onlyCOO
FNDA:0,onlyCLevel
FNDA:0,setCEO
FNDA:0,setCFO
FNDA:0,setCOO
FNDA:0,whenNotPaused
FNDA:0,whenPaused
FNDA:0,pause
FNDA:0,unpause
FNDA:0,_transfer
FNDA:0,_createBot
FNDA:0,_destroyBot
FNDA:0,setSecondsPerBlock
FNDA:0,addExtension
FNDA:0,removeExtension
FNDA:0,onlyExtension
FNDA:0,extCreateBot
FNDA:0,extDestroyBot
FNDA:0,extLockBot
FNDA:0,_lockBot
FNDA:0,extUnlockBot
FNDA:0,_unlockBot
FNDA:0,extGetLock
FNDA:0,_owns
FNDA:0,_approvedFor
FNDA:0,_approve
FNDA:0,balanceOf
FNDA:0,transfer
FNDA:0,approve
FNDA:0,transferFrom
FNDA:0,totalSupply
FNDA:0,ownerOf
FNDA:0,tokensOfOwner
FNDA:0,setGeneScienceAddress
FNDA:0,_isReadyToBreed
FNDA:0,_isSiringPermitted
FNDA:0,_triggerCooldown
FNDA:0,approveSiring
FNDA:0,setAutoBirthFee
FNDA:0,_isReadyToGiveBirth
FNDA:0,isReadyToBreed
FNDA:0,isPregnant
FNDA:0,_isValidMatingPair
FNDA:0,_canBreedWithViaAuction
FNDA:0,canBreedWith
FNDA:0,_breedWith
FNDA:0,breedWithAuto
FNDA:0,giveBirth
FNDA:0,_owns
FNDA:0,_escrow
FNDA:0,_transfer
FNDA:0,_addAuction
FNDA:0,_cancelAuction
FNDA:0,_bid
FNDA:0,_removeAuction
FNDA:0,_isOnAuction
FNDA:0,_currentPrice
FNDA:0,_computeCurrentPrice
FNDA:0,_computeCut
FNDA:0,whenNotPaused
FNDA:0,whenPaused
FNDA:0,pause
FNDA:0,unpause
FNDA:0,constructor
FNDA:0,withdrawBalance
FNDA:0,createAuction
FNDA:0,bid
FNDA:0,cancelAuction
FNDA:0,cancelAuctionWhenPaused
FNDA:0,getAuction
FNDA:0,getCurrentPrice
FNDA:0,constructor
FNDA:0,createAuction
FNDA:0,bid
FNDA:0,constructor
FNDA:0,createAuction
FNDA:0,bid
FNDA:0,averageGen0SalePrice
FNDA:0,setSaleAuctionAddress
FNDA:0,setSiringAuctionAddress
FNDA:0,createSaleAuction
FNDA:0,createSiringAuction
FNDA:0,bidOnSiringAuction
FNDA:0,withdrawAuctionBalances
FNDA:0,createPromoBot
FNDA:0,createGen0Auction
FNDA:0,_computeNextGen0Price
FNDA:0,constructor
FNDA:0,setNewAddress
FNDA:0,
FNDA:0,getBot
FNDA:0,unpause
FNDA:0,withdrawBalance
FNDA:0,destroyBot
DA:12,0
DA:16,0
DA:17,0
DA:21,0
DA:22,0
DA:52,0
DA:53,0
DA:57,0
DA:58,0
DA:62,0
DA:63,0
DA:67,0
DA:72,0
DA:76,0
DA:78,0
DA:82,0
DA:84,0
DA:88,0
DA:90,0
DA:94,0
DA:95,0
DA:99,0
DA:100,0
DA:104,0
DA:108,0
DA:166,0
DA:167,0
DA:169,0
DA:170,0
DA:172,0
DA:173,0
DA:174,0
DA:175,0
DA:177,0
DA:190,0
DA:191,0
DA:192,0
DA:194,0
DA:195,0
DA:196,0
DA:199,0
DA:209,0
DA:211,0
DA:213,0
DA:222,0
DA:224,0
DA:228,0
DA:229,0
DA:230,0
DA:231,0
DA:232,0
DA:236,0
DA:237,0
DA:251,0
DA:255,0
DA:259,0
DA:260,0
DA:274,0
DA:281,0
DA:283,0
DA:290,0
DA:296,0
DA:298,0
DA:299,0
DA:301,0
DA:302,0
DA:303,0
DA:306,0
DA:307,0
DA:308,0
DA:309,0
DA:312,0
DA:314,0
DA:316,0
DA:324,0
DA:330,0
DA:332,0
DA:333,0
DA:334,0
DA:336,0
DA:338,0
DA:347,0
DA:357,0
DA:361,0
DA:365,0
DA:369,0
DA:379,0
DA:380,0
DA:381,0
DA:382,0
DA:383,0
DA:384,0
DA:385,0
DA:395,0
DA:396,0
DA:397,0
DA:398,0
DA:409,0
DA:410,0
DA:411,0
DA:412,0
DA:413,0
DA:414,0
DA:418,0
DA:426,0
DA:427,0
DA:431,0
DA:433,0
DA:434,0
DA:436,0
DA:437,0
DA:438,0
DA:439,0
DA:440,0
DA:441,0
DA:442,0
DA:443,0
DA:447,0
DA:460,0
DA:461,0
DA:462,0
DA:466,0
DA:473,0
DA:474,0
DA:475,0
DA:479,0
DA:480,0
DA:481,0
DA:489,0
DA:490,0
DA:494,0
DA:498,0
DA:506,0
DA:507,0
DA:515,0
DA:528,0
DA:529,0
DA:531,0
DA:532,0
DA:534,0
DA:535,0
DA:537,0
DA:538,0
DA:540,0
DA:541,0
DA:543,0
DA:544,0
DA:546,0
DA:554,0
DA:555,0
DA:556,0
DA:564,0
DA:565,0
DA:566,0
DA:567,0
DA:568,0
DA:573,0
DA:574,0
DA:575,0
DA:576,0
DA:577,0
DA:578,0
DA:579,0
DA:580,0
DA:581,0
DA:589,0
DA:590,0
DA:591,0
DA:592,0
DA:593,0
DA:594,0
DA:595,0
DA:596,0
DA:602,0
DA:610,0
DA:611,0
DA:612,0
DA:613,0
DA:614,0
DA:615,0
DA:616,0
DA:617,0
DA:619,0
DA:620,0
DA:621,0
DA:622,0
DA:623,0
DA:624,0
DA:625,0
DA:653,0
DA:657,0
DA:661,0
DA:665,0
DA:666,0
DA:667,0
DA:678,0
DA:679,0
DA:680,0
DA:687,0
DA:688,0
DA:689,0
DA:690,0
DA:691,0
DA:692,0
DA:693,0
DA:694,0
DA:695,0
DA:696,0
DA:698,0
DA:699,0
DA:700,0
DA:701,0
DA:705,0
DA:709,0
DA:717,0
DA:718,0
DA:719,0
DA:721,0
DA:739,0
DA:740,0
DA:742,0
DA:743,0
DA:744,0
DA:745,0
DA:750,0
DA:761,0
DA:762,0
DA:766,0
DA:767,0
DA:771,0
DA:772,0
DA:773,0
DA:777,0
DA:778,0
DA:779,0
DA:786,0
DA:787,0
DA:789,0
DA:790,0
DA:794,0
DA:795,0
DA:799,0
DA:812,0
DA:813,0
DA:814,0
DA:815,0
DA:816,0
DA:817,0
DA:824,0
DA:832,0
DA:833,0
DA:839,0
DA:840,0
DA:841,0
DA:842,0
DA:843,0
DA:851,0
DA:852,0
DA:853,0
DA:868,0
DA:869,0
DA:870,0
DA:884,0
DA:885,0
DA:886,0
DA:907,0
DA:908,0
DA:909,0
DA:910,0
DA:911,0
DA:912,0
DA:919,0
DA:926,0
DA:927,0
DA:928,0
DA:929,0
DA:952,0
DA:953,0
DA:954,0
DA:955,0
DA:956,0
DA:957,0
DA:964,0
DA:971,0
DA:972,0
DA:973,0
DA:974,0
DA:975,0
DA:976,0
DA:981,0
DA:982,0
DA:983,0
DA:985,0
DA:993,0
DA:994,0
DA:995,0
DA:999,0
DA:1000,0
DA:1001,0
DA:1013,0
DA:1014,0
DA:1015,0
DA:1016,0
DA:1034,0
DA:1035,0
DA:1036,0
DA:1037,0
DA:1054,0
DA:1055,0
DA:1056,0
DA:1057,0
DA:1058,0
DA:1059,0
DA:1060,0
DA:1064,0
DA:1065,0
DA:1079,0
DA:1080,0
DA:1081,0
DA:1083,0
DA:1085,0
DA:1086,0
DA:1090,0
DA:1092,0
DA:1093,0
DA:1095,0
DA:1103,0
DA:1107,0
DA:1108,0
DA:1109,0
DA:1110,0
DA:1111,0
DA:1113,0
DA:1122,0
DA:1123,0
DA:1124,0
DA:1125,0
DA:1129,0
DA:1130,0
DA:1134,0
DA:1156,0
DA:1157,0
DA:1158,0
DA:1159,0
DA:1160,0
DA:1161,0
DA:1162,0
DA:1163,0
DA:1164,0
DA:1165,0
DA:1166,0
DA:1167,0
DA:1171,0
DA:1172,0
DA:1173,0
DA:1174,0
DA:1175,0
DA:1179,0
DA:1180,0
DA:1181,0
DA:1182,0
DA:1187,0
DA:1188,0
LF:363
LH:0
BRDA:16,1,0,0
BRDA:16,1,1,0
BRDA:21,2,0,0
BRDA:21,2,1,0
BRDA:52,3,0,0
BRDA:52,3,1,0
BRDA:57,4,0,0
BRDA:57,4,1,0
BRDA:62,5,0,0
BRDA:62,5,1,0
BRDA:67,6,0,0
BRDA:67,6,1,0
BRDA:76,7,0,0
BRDA:76,7,1,0
BRDA:82,8,0,0
BRDA:82,8,1,0
BRDA:88,9,0,0
BRDA:88,9,1,0
BRDA:94,10,0,0
BRDA:94,10,1,0
BRDA:99,11,0,0
BRDA:99,11,1,0
BRDA:166,12,0,0
BRDA:166,12,1,0
BRDA:172,13,0,0
BRDA:172,13,1,0
BRDA:190,14,0,0
BRDA:190,14,1,0
BRDA:191,15,0,0
BRDA:191,15,1,0
BRDA:192,16,0,0
BRDA:192,16,1,0
BRDA:195,17,0,0
BRDA:195,17,1,0
BRDA:211,18,0,0
BRDA:211,18,1,0
BRDA:228,19,0,0
BRDA:228,19,1,0
BRDA:230,20,0,0
BRDA:230,20,1,0
BRDA:236,21,0,0
BRDA:236,21,1,0
BRDA:259,22,0,0
BRDA:259,22,1,0
BRDA:281,23,0,0
BRDA:281,23,1,0
BRDA:296,24,0,0
BRDA:296,24,1,0
BRDA:299,25,0,0
BRDA:299,25,1,0
BRDA:301,26,0,0
BRDA:301,26,1,0
BRDA:303,27,0,0
BRDA:303,27,1,0
BRDA:306,28,0,0
BRDA:306,28,1,0
BRDA:308,29,0,0
BRDA:308,29,1,0
BRDA:309,30,0,0
BRDA:309,30,1,0
BRDA:330,31,0,0
BRDA:330,31,1,0
BRDA:333,32,0,0
BRDA:333,32,1,0
BRDA:379,33,0,0
BRDA:379,33,1,0
BRDA:380,34,0,0
BRDA:380,34,1,0
BRDA:381,35,0,0
BRDA:381,35,1,0
BRDA:382,36,0,0
BRDA:382,36,1,0
BRDA:383,37,0,0
BRDA:383,37,1,0
BRDA:384,38,0,0
BRDA:384,38,1,0
BRDA:395,39,0,0
BRDA:395,39,1,0
BRDA:396,40,0,0
BRDA:396,40,1,0
BRDA:409,41,0,0
BRDA:409,41,1,0
BRDA:410,42,0,0
BRDA:410,42,1,0
BRDA:411,43,0,0
BRDA:411,43,1,0
BRDA:412,44,0,0
BRDA:412,44,1,0
BRDA:413,45,0,0
BRDA:413,45,1,0
BRDA:427,46,0,0
BRDA:427,46,1,0
BRDA:433,47,0,0
BRDA:433,47,1,0
BRDA:441,48,0,0
BRDA:441,48,1,0
BRDA:461,49,0,0
BRDA:461,49,1,0
BRDA:480,50,0,0
BRDA:480,50,1,0
BRDA:489,51,0,0
BRDA:489,51,1,0
BRDA:528,52,0,0
BRDA:528,52,1,0
BRDA:531,53,0,0
BRDA:531,53,1,0
BRDA:534,54,0,0
BRDA:534,54,1,0
BRDA:537,55,0,0
BRDA:537,55,1,0
BRDA:540,56,0,0
BRDA:540,56,1,0
BRDA:543,57,0,0
BRDA:543,57,1,0
BRDA:564,58,0,0
BRDA:564,58,1,0
BRDA:565,59,0,0
BRDA:565,59,1,0
BRDA:589,60,0,0
BRDA:589,60,1,0
BRDA:590,61,0,0
BRDA:590,61,1,0
BRDA:591,62,0,0
BRDA:591,62,1,0
BRDA:593,63,0,0
BRDA:593,63,1,0
BRDA:595,64,0,0
BRDA:595,64,1,0
BRDA:596,65,0,0
BRDA:596,65,1,0
BRDA:611,66,0,0
BRDA:611,66,1,0
BRDA:612,67,0,0
BRDA:612,67,1,0
BRDA:616,68,0,0
BRDA:616,68,1,0
BRDA:665,69,0,0
BRDA:665,69,1,0
BRDA:688,70,0,0
BRDA:688,70,1,0
BRDA:690,71,0,0
BRDA:690,71,1,0
BRDA:693,72,0,0
BRDA:693,72,1,0
BRDA:718,73,0,0
BRDA:718,73,1,0
BRDA:739,74,0,0
BRDA:739,74,1,0
BRDA:761,75,0,0
BRDA:761,75,1,0
BRDA:766,76,0,0
BRDA:766,76,1,0
BRDA:786,77,0,0
BRDA:786,77,1,0
BRDA:795,78,0,0
BRDA:795,78,1,0
BRDA:812,79,0,0
BRDA:812,79,1,0
BRDA:813,80,0,0
BRDA:813,80,1,0
BRDA:814,81,0,0
BRDA:814,81,1,0
BRDA:815,82,0,0
BRDA:815,82,1,0
BRDA:840,83,0,0
BRDA:840,83,1,0
BRDA:842,84,0,0
BRDA:842,84,1,0
BRDA:852,85,0,0
BRDA:852,85,1,0
BRDA:869,86,0,0
BRDA:869,86,1,0
BRDA:885,87,0,0
BRDA:885,87,1,0
BRDA:907,88,0,0
BRDA:907,88,1,0
BRDA:908,89,0,0
BRDA:908,89,1,0
BRDA:909,90,0,0
BRDA:909,90,1,0
BRDA:910,91,0,0
BRDA:910,91,1,0
BRDA:926,92,0,0
BRDA:926,92,1,0
BRDA:952,93,0,0
BRDA:952,93,1,0
BRDA:953,94,0,0
BRDA:953,94,1,0
BRDA:954,95,0,0
BRDA:954,95,1,0
BRDA:955,96,0,0
BRDA:955,96,1,0
BRDA:974,97,0,0
BRDA:974,97,1,0
BRDA:994,98,0,0
BRDA:994,98,1,0
BRDA:1000,99,0,0
BRDA:1000,99,1,0
BRDA:1013,100,0,0
BRDA:1013,100,1,0
BRDA:1014,101,0,0
BRDA:1014,101,1,0
BRDA:1034,102,0,0
BRDA:1034,102,1,0
BRDA:1035,103,0,0
BRDA:1035,103,1,0
BRDA:1054,104,0,0
BRDA:1054,104,1,0
BRDA:1055,105,0,0
BRDA:1055,105,1,0
BRDA:1056,106,0,0
BRDA:1056,106,1,0
BRDA:1058,107,0,0
BRDA:1058,107,1,0
BRDA:1080,108,0,0
BRDA:1080,108,1,0
BRDA:1083,109,0,0
BRDA:1083,109,1,0
BRDA:1090,110,0,0
BRDA:1090,110,1,0
BRDA:1108,111,0,0
BRDA:1108,111,1,0
BRDA:1110,112,0,0
BRDA:1110,112,1,0
BRDA:1134,113,0,0
BRDA:1134,113,1,0
BRDA:1156,114,0,0
BRDA:1156,114,1,0
BRDA:1171,115,0,0
BRDA:1171,115,1,0
BRDA:1172,116,0,0
BRDA:1172,116,1,0
BRDA:1173,117,0,0
BRDA:1173,117,1,0
BRDA:1174,118,0,0
BRDA:1174,118,1,0
BRDA:1181,119,0,0
BRDA:1181,119,1,0
BRDA:1187,120,0,0
BRDA:1187,120,1,0
BRF:240
BRH:0
end_of_record
TN:
SF:/home/xanthus/Рабочий стол/hardhat-wrapper/contracts/Greeter.sol
FN:9,constructor
FN:14,greet
FN:18,setGreeting
FNF:3
FNH:3
FNDA:3,constructor
FNDA:2,greet
FNDA:1,setGreeting
DA:10,3
DA:11,3
DA:15,2
DA:19,1
DA:20,1
LF:5
LH:5
BRF:0
BRH:0
end_of_record
TN:
SF:/home/xanthus/Рабочий стол/hardhat-wrapper/contracts/Wrapper.sol
FN:42,constructor
FN:51,setBaseURI
FN:56,showBaseURI
FN:60,setContractURI
FN:65,showcontractURI
FN:69,tokenURI
FN:74,wrap
FN:79,unwrap
FN:85,wrapMany
FN:92,unwrapMany
FN:101,getBot
FNF:11
FNH:7
FNDA:12,constructor
FNDA:1,setBaseURI
FNDA:1,showBaseURI
FNDA:1,setContractURI
FNDA:1,showcontractURI
FNDA:1,tokenURI
FNDA:0,wrap
FNDA:1,unwrap
FNDA:0,wrapMany
FNDA:0,unwrapMany
FNDA:0,getBot
DA:43,12
DA:44,12
DA:45,12
DA:46,12
DA:47,12
DA:48,12
DA:52,1
DA:53,1
DA:57,1
DA:61,1
DA:62,1
DA:66,1
DA:70,1
DA:71,0
DA:75,0
DA:76,0
DA:80,1
DA:81,0
DA:82,0
DA:86,0
DA:87,0
DA:88,0
DA:93,0
DA:94,0
DA:95,0
DA:96,0
DA:97,0
DA:117,0
LF:28
LH:14
BRDA:43,1,0,12
BRDA:43,1,1,0
BRDA:70,2,0,0
BRDA:70,2,1,1
BRDA:80,3,0,0
BRDA:80,3,1,1
BRDA:95,4,0,0
BRDA:95,4,1,0
BRF:8
BRH:3
end_of_record
